43.0 APEX_CODE,FINEST;APEX_PROFILING,INFO;CALLOUT,INFO;DB,INFO;SYSTEM,DEBUG;VALIDATION,INFO;VISUALFORCE,FINEST;WAVE,INFO;WORKFLOW,INFO
16:37:42.0 (296829)|USER_INFO|[EXTERNAL]|005xx000001SvFC|test-hdg4bq4heddp@example.com|Pacific Standard Time|GMT-07:00
16:37:42.0 (372355)|EXECUTION_STARTED
16:37:42.0 (405476)|CODE_UNIT_STARTED|[EXTERNAL]|Aura
16:37:42.0 (1708988)|HEAP_ALLOCATE|[72]|Bytes:3
16:37:42.0 (1883408)|HEAP_ALLOCATE|[77]|Bytes:152
16:37:42.0 (1968585)|HEAP_ALLOCATE|[342]|Bytes:408
16:37:42.0 (2039601)|HEAP_ALLOCATE|[355]|Bytes:408
16:37:42.0 (2109152)|HEAP_ALLOCATE|[467]|Bytes:48
16:37:42.0 (2246205)|HEAP_ALLOCATE|[139]|Bytes:6
16:37:42.0 (2325947)|HEAP_ALLOCATE|[EXTERNAL]|Bytes:11
16:37:42.0 (2360652)|HEAP_ALLOCATE|[EXTERNAL]|Bytes:11
16:37:42.0 (6264548)|CODE_UNIT_STARTED|[EXTERNAL]|01pxx00000002fl|BotController.submit(String, Map<String,String>, String, String)
16:37:42.0 (6412948)|VARIABLE_SCOPE_BEGIN|[15]|BotController.handlerMappings|List<BotController.HandlerMapping>|true|true
16:37:42.0 (6595434)|HEAP_ALLOCATE|[EXTERNAL]|Bytes:14
16:37:42.0 (6630666)|HEAP_ALLOCATE|[EXTERNAL]|Bytes:5
16:37:42.0 (6659922)|HEAP_ALLOCATE|[EXTERNAL]|Bytes:5
16:37:42.0 (6933634)|METHOD_ENTRY|[1]|01pxx00000002fl|BotController.BotController()
16:37:42.0 (6974042)|STATEMENT_EXECUTE|[1]
16:37:42.0 (6990957)|STATEMENT_EXECUTE|[1]
16:37:42.0 (7090323)|HEAP_ALLOCATE|[50]|Bytes:5
16:37:42.0 (7183732)|HEAP_ALLOCATE|[56]|Bytes:5
16:37:42.0 (7242374)|HEAP_ALLOCATE|[64]|Bytes:7
16:37:42.0 (8404843)|SYSTEM_MODE_ENTER|false
16:37:42.0 (8474079)|HEAP_ALLOCATE|[18]|Bytes:5
16:37:42.0 (8499217)|STATEMENT_EXECUTE|[3]
16:37:42.0 (8512883)|STATEMENT_EXECUTE|[17]
16:37:42.0 (8522648)|STATEMENT_EXECUTE|[18]
16:37:42.0 (8541069)|HEAP_ALLOCATE|[18]|Bytes:105
16:37:42.0 (8615174)|HEAP_ALLOCATE|[18]|Bytes:4
16:37:42.0 (9941609)|SOQL_EXECUTE_BEGIN|[18]|Aggregations:0|SELECT apex_class__c, pattern__c FROM Bot_Command__c WHERE Active__c = TRUE ORDER BY Name ASC NULLS FIRST
16:37:42.0 (16784063)|SOQL_EXECUTE_END|[18]|Rows:13
16:37:42.0 (16893320)|HEAP_ALLOCATE|[18]|Bytes:56
16:37:42.0 (17091805)|HEAP_ALLOCATE|[18]|Bytes:1280
16:37:42.0 (17453353)|HEAP_ALLOCATE|[18]|Bytes:56
16:37:42.0 (17497858)|VARIABLE_SCOPE_BEGIN|[18]|commands|List<Bot_Command__c>|true|false
16:37:42.0 (17899247)|VARIABLE_ASSIGNMENT|[18]|commands|"List of size 13 too large to display"|0x13ddff6c
16:37:42.0 (17918996)|STATEMENT_EXECUTE|[19]
16:37:42.0 (19277769)|USER_DEBUG|[19]|DEBUG|(Bot_Command__c:{Apex_Class__c=HandlerFileUpload, Pattern__c=(?i)upload, Id=a00xx0000004GwoAAE}, Bot_Command__c:{Apex_Class__c=HandlerFindAccount, Pattern__c=(?i).*account ([A-Za-z0-9]*), Id=a00xx0000004GwcAAE}, Bot_Command__c:{Apex_Class__c=HandlerFindContact, Pattern__c=(?i).*contact ([A-Za-z0-9]*), Id=a00xx0000004GwdAAE}, Bot_Command__c:{Apex_Class__c=HandlerFindProperties, Pattern__c=(?i)find house, Id=a00xx0000004GweAAE}, Bot_Command__c:{Apex_Class__c=HandlerFindPropertiesByBedrooms, Pattern__c=(?i)([0-9]*) bedrooms in ([A-Za-z]*), Id=a00xx0000004GwfAAE}, Bot_Command__c:{Apex_Class__c=HandlerHelp, Pattern__c=(?i)help, Id=a00xx0000004GwgAAE}, Bot_Command__c:{Apex_Class__c=HandlerImageBasedSearch, Pattern__c=(?i)search houses like this, Id=a00xx0000004GwnAAE}, Bot_Command__c:{Apex_Class__c=HandlerMyOpenCases, Pattern__c=(?i).*open cases.*, Id=a00xx0000004GwhAAE}, Bot_Command__c:{Apex_Class__c=HandlerPipeline, Pattern__c=(?i).*pipeline.*, Id=a00xx0000004GwiAAE}, Bot_Command__c:{Apex_Class__c=HandlerQuarter, Pattern__c=(?i).*quarter.*, Id=a00xx0000004GwjAAE}, ...)
16:37:42.0 (19339514)|STATEMENT_EXECUTE|[20]
16:37:42.0 (19384681)|HEAP_ALLOCATE|[20]|Bytes:4
16:37:42.0 (19542453)|VARIABLE_SCOPE_BEGIN|[20]|mappings|List<BotController.HandlerMapping>|true|false
16:37:42.0 (19623354)|HEAP_ALLOCATE|[EXTERNAL]|Bytes:4
16:37:42.0 (19665979)|VARIABLE_ASSIGNMENT|[20]|mappings|[]|0x6aab06cc
16:37:42.0 (20169584)|HEAP_ALLOCATE|[21]|Bytes:5
16:37:42.0 (20289319)|HEAP_ALLOCATE|[21]|Bytes:16
16:37:42.0 (20328407)|VARIABLE_SCOPE_BEGIN|[21]|command|Bot_Command__c|true|false
16:37:42.0 (20388905)|VARIABLE_ASSIGNMENT|[21]|command|{"Apex_Class__c":"HandlerFileUpload","Pattern__c":"(?i)upload","Id":"a00xx0000004GwoAAE"}|0x2e6c7aa6
16:37:42.0 (20407650)|STATEMENT_EXECUTE|[21]
16:37:42.0 (20417425)|STATEMENT_EXECUTE|[22]
16:37:42.0 (20457094)|HEAP_ALLOCATE|[22]|Bytes:1
16:37:42.0 (20509035)|HEAP_ALLOCATE|[22]|Bytes:12
16:37:42.0 (20763976)|CONSTRUCTOR_ENTRY|[22]|01pxx00000002fl|<init>(String,String)|BotController.HandlerMapping
16:37:42.0 (20825243)|VARIABLE_SCOPE_BEGIN|[8]|this|BotController.HandlerMapping|true|false
16:37:42.0 (20914349)|VARIABLE_ASSIGNMENT|[8]|this|{}|0x563c75f0
16:37:42.0 (20931294)|VARIABLE_SCOPE_BEGIN|[8]|handlerClassName|String|false|false
16:37:42.0 (20964007)|VARIABLE_ASSIGNMENT|[8]|handlerClassName|"HandlerFileUpload"
16:37:42.0 (20978046)|VARIABLE_SCOPE_BEGIN|[8]|patternStr|String|false|false
16:37:42.0 (21008199)|VARIABLE_ASSIGNMENT|[8]|patternStr|"(?i)upload"
16:37:42.0 (21028778)|STATEMENT_EXECUTE|[3]
16:37:42.0 (21040855)|STATEMENT_EXECUTE|[5]
16:37:42.0 (21050135)|STATEMENT_EXECUTE|[6]
16:37:42.0 (21079594)|HEAP_ALLOCATE|[9]|Bytes:6
16:37:42.0 (21205427)|STATEMENT_EXECUTE|[8]
16:37:42.0 (21217059)|STATEMENT_EXECUTE|[9]
16:37:42.0 (21272143)|VARIABLE_ASSIGNMENT|[9]|this.handlerClassName|"HandlerFileUpload"|0x563c75f0
16:37:42.0 (21290114)|STATEMENT_EXECUTE|[10]
16:37:42.0 (21423933)|HEAP_ALLOCATE|[10]|Bytes:24
16:37:42.0 (21475936)|SYSTEM_METHOD_ENTRY|[1]|Pattern.Pattern()
16:37:42.0 (21497208)|STATEMENT_EXECUTE|[1]
16:37:42.0 (21526871)|SYSTEM_METHOD_EXIT|[1]|Pattern
16:37:42.0 (21591614)|METHOD_ENTRY|[10]||System.Pattern.compile(String)
16:37:42.0 (22008997)|METHOD_EXIT|[10]||System.Pattern.compile(String)
16:37:42.0 (22061814)|VARIABLE_ASSIGNMENT|[10]|this.utterancePattern|0x6493849d|0x563c75f0
16:37:42.0 (22108313)|CONSTRUCTOR_EXIT|[22]|01pxx00000002fl|<init>(String,String)|BotController.HandlerMapping
16:37:42.0 (22177747)|HEAP_ALLOCATE|[EXTERNAL]|Bytes:4
16:37:42.0 (22273038)|HEAP_ALLOCATE|[21]|Bytes:5
16:37:42.0 (22365007)|HEAP_ALLOCATE|[21]|Bytes:16
16:37:42.0 (22400037)|VARIABLE_SCOPE_BEGIN|[21]|command|Bot_Command__c|true|false
16:37:42.0 (22457992)|VARIABLE_ASSIGNMENT|[21]|command|{"Apex_Class__c":"HandlerFindAccount","Pattern__c":"(?i).*account ([A-Za (8 more) ...","Id":"a00xx0000004GwcAAE"}|0x4d1c34e6
16:37:42.0 (22478896)|STATEMENT_EXECUTE|[21]
16:37:42.0 (22488869)|STATEMENT_EXECUTE|[22]
16:37:42.0 (22517886)|HEAP_ALLOCATE|[22]|Bytes:12
16:37:42.0 (22617087)|CONSTRUCTOR_ENTRY|[22]|01pxx00000002fl|<init>(String,String)|BotController.HandlerMapping
16:37:42.0 (22641185)|VARIABLE_SCOPE_BEGIN|[8]|this|BotController.HandlerMapping|true|false
16:37:42.0 (22713389)|VARIABLE_ASSIGNMENT|[8]|this|{}|0x64b32951
16:37:42.0 (22729836)|VARIABLE_SCOPE_BEGIN|[8]|handlerClassName|String|false|false
16:37:42.0 (22762458)|VARIABLE_ASSIGNMENT|[8]|handlerClassName|"HandlerFindAccount"
16:37:42.0 (22776374)|VARIABLE_SCOPE_BEGIN|[8]|patternStr|String|false|false
16:37:42.0 (22810148)|VARIABLE_ASSIGNMENT|[8]|patternStr|"(?i).*account ([A-Za (8 more) ..."
16:37:42.0 (22826284)|STATEMENT_EXECUTE|[3]
16:37:42.0 (22835706)|STATEMENT_EXECUTE|[5]
16:37:42.0 (22844404)|STATEMENT_EXECUTE|[6]
16:37:42.0 (22893536)|STATEMENT_EXECUTE|[8]
16:37:42.0 (22904494)|STATEMENT_EXECUTE|[9]
16:37:42.0 (22953238)|VARIABLE_ASSIGNMENT|[9]|this.handlerClassName|"HandlerFindAccount"|0x64b32951
16:37:42.0 (22972503)|STATEMENT_EXECUTE|[10]
16:37:42.0 (23005951)|METHOD_ENTRY|[10]||System.Pattern.compile(String)
16:37:42.0 (23277167)|METHOD_EXIT|[10]||System.Pattern.compile(String)
16:37:42.0 (23321045)|VARIABLE_ASSIGNMENT|[10]|this.utterancePattern|0x519553c2|0x64b32951
16:37:42.0 (23368316)|CONSTRUCTOR_EXIT|[22]|01pxx00000002fl|<init>(String,String)|BotController.HandlerMapping
16:37:42.0 (23424935)|HEAP_ALLOCATE|[EXTERNAL]|Bytes:4
16:37:42.0 (23515354)|HEAP_ALLOCATE|[21]|Bytes:5
16:37:42.0 (23607643)|HEAP_ALLOCATE|[21]|Bytes:16
16:37:42.0 (23642566)|VARIABLE_SCOPE_BEGIN|[21]|command|Bot_Command__c|true|false
16:37:42.0 (23697792)|VARIABLE_ASSIGNMENT|[21]|command|{"Apex_Class__c":"HandlerFindContact","Pattern__c":"(?i).*contact ([A-Za (8 more) ...","Id":"a00xx0000004GwdAAE"}|0x3571594b
16:37:42.0 (23716617)|STATEMENT_EXECUTE|[21]
16:37:42.0 (23726138)|STATEMENT_EXECUTE|[22]
16:37:42.0 (23754864)|HEAP_ALLOCATE|[22]|Bytes:12
16:37:42.0 (23854275)|CONSTRUCTOR_ENTRY|[22]|01pxx00000002fl|<init>(String,String)|BotController.HandlerMapping
16:37:42.0 (23880015)|VARIABLE_SCOPE_BEGIN|[8]|this|BotController.HandlerMapping|true|false
16:37:42.0 (23951384)|VARIABLE_ASSIGNMENT|[8]|this|{}|0x29da8201
16:37:42.0 (23971579)|VARIABLE_SCOPE_BEGIN|[8]|handlerClassName|String|false|false
16:37:42.0 (24021223)|VARIABLE_ASSIGNMENT|[8]|handlerClassName|"HandlerFindContact"
16:37:42.0 (24042358)|VARIABLE_SCOPE_BEGIN|[8]|patternStr|String|false|false
16:37:42.0 (24075891)|VARIABLE_ASSIGNMENT|[8]|patternStr|"(?i).*contact ([A-Za (8 more) ..."
16:37:42.0 (24092417)|STATEMENT_EXECUTE|[3]
16:37:42.0 (24103831)|STATEMENT_EXECUTE|[5]
16:37:42.0 (24112646)|STATEMENT_EXECUTE|[6]
16:37:42.0 (24162343)|STATEMENT_EXECUTE|[8]
16:37:42.0 (24173239)|STATEMENT_EXECUTE|[9]
16:37:42.0 (24227277)|VARIABLE_ASSIGNMENT|[9]|this.handlerClassName|"HandlerFindContact"|0x29da8201
16:37:42.0 (24244789)|STATEMENT_EXECUTE|[10]
16:37:42.0 (24277813)|METHOD_ENTRY|[10]||System.Pattern.compile(String)
16:37:42.0 (24543414)|METHOD_EXIT|[10]||System.Pattern.compile(String)
16:37:42.0 (24587244)|VARIABLE_ASSIGNMENT|[10]|this.utterancePattern|0x4ce11ad6|0x29da8201
16:37:42.0 (24632713)|CONSTRUCTOR_EXIT|[22]|01pxx00000002fl|<init>(String,String)|BotController.HandlerMapping
16:37:42.0 (24689751)|HEAP_ALLOCATE|[EXTERNAL]|Bytes:4
16:37:42.0 (24781296)|HEAP_ALLOCATE|[21]|Bytes:5
16:37:42.0 (24875196)|HEAP_ALLOCATE|[21]|Bytes:16
16:37:42.0 (24909756)|VARIABLE_SCOPE_BEGIN|[21]|command|Bot_Command__c|true|false
16:37:42.0 (24964143)|VARIABLE_ASSIGNMENT|[21]|command|{"Apex_Class__c":"HandlerFindPropertie (1 more) ...","Pattern__c":"(?i)find house","Id":"a00xx0000004GweAAE"}|0x4bb6bdab
16:37:42.0 (24984256)|STATEMENT_EXECUTE|[21]
16:37:42.0 (24993944)|STATEMENT_EXECUTE|[22]
16:37:42.0 (25022243)|HEAP_ALLOCATE|[22]|Bytes:12
16:37:42.0 (25122337)|CONSTRUCTOR_ENTRY|[22]|01pxx00000002fl|<init>(String,String)|BotController.HandlerMapping
16:37:42.0 (25145988)|VARIABLE_SCOPE_BEGIN|[8]|this|BotController.HandlerMapping|true|false
16:37:42.0 (25218367)|VARIABLE_ASSIGNMENT|[8]|this|{}|0x31654bba
16:37:42.0 (25234699)|VARIABLE_SCOPE_BEGIN|[8]|handlerClassName|String|false|false
16:37:42.0 (25267603)|VARIABLE_ASSIGNMENT|[8]|handlerClassName|"HandlerFindPropertie (1 more) ..."
16:37:42.0 (25281668)|VARIABLE_SCOPE_BEGIN|[8]|patternStr|String|false|false
16:37:42.0 (25311799)|VARIABLE_ASSIGNMENT|[8]|patternStr|"(?i)find house"
16:37:42.0 (25327625)|STATEMENT_EXECUTE|[3]
16:37:42.0 (25337138)|STATEMENT_EXECUTE|[5]
16:37:42.0 (25346178)|STATEMENT_EXECUTE|[6]
16:37:42.0 (25397418)|STATEMENT_EXECUTE|[8]
16:37:42.0 (25408417)|STATEMENT_EXECUTE|[9]
16:37:42.0 (25457355)|VARIABLE_ASSIGNMENT|[9]|this.handlerClassName|"HandlerFindPropertie (1 more) ..."|0x31654bba
16:37:42.0 (25477771)|STATEMENT_EXECUTE|[10]
16:37:42.0 (25512535)|METHOD_ENTRY|[10]||System.Pattern.compile(String)
16:37:42.0 (25781569)|METHOD_EXIT|[10]||System.Pattern.compile(String)
16:37:42.0 (25825409)|VARIABLE_ASSIGNMENT|[10]|this.utterancePattern|0x4a950517|0x31654bba
16:37:42.0 (25872483)|CONSTRUCTOR_EXIT|[22]|01pxx00000002fl|<init>(String,String)|BotController.HandlerMapping
16:37:42.0 (25928948)|HEAP_ALLOCATE|[EXTERNAL]|Bytes:4
16:37:42.0 (26018099)|HEAP_ALLOCATE|[21]|Bytes:5
16:37:42.0 (26109289)|HEAP_ALLOCATE|[21]|Bytes:16
16:37:42.0 (26143950)|VARIABLE_SCOPE_BEGIN|[21]|command|Bot_Command__c|true|false
16:37:42.0 (26200709)|VARIABLE_ASSIGNMENT|[21]|command|{"Apex_Class__c":"HandlerFindPropertie (11 more) ...","Pattern__c":"(?i)([0-9]*) bedroom (16 more) ...","Id":"a00xx0000004GwfAAE"}|0x6425731
16:37:42.0 (26219255)|STATEMENT_EXECUTE|[21]
16:37:42.0 (26228612)|STATEMENT_EXECUTE|[22]
16:37:42.0 (26258008)|HEAP_ALLOCATE|[22]|Bytes:12
16:37:42.0 (26354774)|CONSTRUCTOR_ENTRY|[22]|01pxx00000002fl|<init>(String,String)|BotController.HandlerMapping
16:37:42.0 (26378047)|VARIABLE_SCOPE_BEGIN|[8]|this|BotController.HandlerMapping|true|false
16:37:42.0 (26453178)|VARIABLE_ASSIGNMENT|[8]|this|{}|0x37225cce
16:37:42.0 (26469532)|VARIABLE_SCOPE_BEGIN|[8]|handlerClassName|String|false|false
16:37:42.0 (26504592)|VARIABLE_ASSIGNMENT|[8]|handlerClassName|"HandlerFindPropertie (11 more) ..."
16:37:42.0 (26518975)|VARIABLE_SCOPE_BEGIN|[8]|patternStr|String|false|false
16:37:42.0 (26552792)|VARIABLE_ASSIGNMENT|[8]|patternStr|"(?i)([0-9]*) bedroom (16 more) ..."
16:37:42.0 (26569171)|STATEMENT_EXECUTE|[3]
16:37:42.0 (26578607)|STATEMENT_EXECUTE|[5]
16:37:42.0 (26587430)|STATEMENT_EXECUTE|[6]
16:37:42.0 (26636409)|STATEMENT_EXECUTE|[8]
16:37:42.0 (26647508)|STATEMENT_EXECUTE|[9]
16:37:42.0 (26696435)|VARIABLE_ASSIGNMENT|[9]|this.handlerClassName|"HandlerFindPropertie (11 more) ..."|0x37225cce
16:37:42.0 (26714249)|STATEMENT_EXECUTE|[10]
16:37:42.0 (26746772)|METHOD_ENTRY|[10]||System.Pattern.compile(String)
16:37:42.0 (27011859)|METHOD_EXIT|[10]||System.Pattern.compile(String)
16:37:42.0 (27055733)|VARIABLE_ASSIGNMENT|[10]|this.utterancePattern|0x7351d756|0x37225cce
16:37:42.0 (27101219)|CONSTRUCTOR_EXIT|[22]|01pxx00000002fl|<init>(String,String)|BotController.HandlerMapping
16:37:42.0 (27159212)|HEAP_ALLOCATE|[EXTERNAL]|Bytes:4
16:37:42.0 (27248713)|HEAP_ALLOCATE|[21]|Bytes:5
16:37:42.0 (27339049)|HEAP_ALLOCATE|[21]|Bytes:16
16:37:42.0 (27373537)|VARIABLE_SCOPE_BEGIN|[21]|command|Bot_Command__c|true|false
16:37:42.0 (27428008)|VARIABLE_ASSIGNMENT|[21]|command|{"Apex_Class__c":"HandlerHelp","Pattern__c":"(?i)help","Id":"a00xx0000004GwgAAE"}|0x2ad5f81b
16:37:42.0 (27445830)|STATEMENT_EXECUTE|[21]
16:37:42.0 (27460827)|STATEMENT_EXECUTE|[22]
16:37:42.0 (27489563)|HEAP_ALLOCATE|[22]|Bytes:12
16:37:42.0 (27587246)|CONSTRUCTOR_ENTRY|[22]|01pxx00000002fl|<init>(String,String)|BotController.HandlerMapping
16:37:42.0 (27610514)|VARIABLE_SCOPE_BEGIN|[8]|this|BotController.HandlerMapping|true|false
16:37:42.0 (27680594)|VARIABLE_ASSIGNMENT|[8]|this|{}|0x68726a1d
16:37:42.0 (27697053)|VARIABLE_SCOPE_BEGIN|[8]|handlerClassName|String|false|false
16:37:42.0 (27728713)|VARIABLE_ASSIGNMENT|[8]|handlerClassName|"HandlerHelp"
16:37:42.0 (27742407)|VARIABLE_SCOPE_BEGIN|[8]|patternStr|String|false|false
16:37:42.0 (27772272)|VARIABLE_ASSIGNMENT|[8]|patternStr|"(?i)help"
16:37:42.0 (27788312)|STATEMENT_EXECUTE|[3]
16:37:42.0 (27797724)|STATEMENT_EXECUTE|[5]
16:37:42.0 (27806531)|STATEMENT_EXECUTE|[6]
16:37:42.0 (27855491)|STATEMENT_EXECUTE|[8]
16:37:42.0 (27866645)|STATEMENT_EXECUTE|[9]
16:37:42.0 (27913684)|VARIABLE_ASSIGNMENT|[9]|this.handlerClassName|"HandlerHelp"|0x68726a1d
16:37:42.0 (27931089)|STATEMENT_EXECUTE|[10]
16:37:42.0 (27963248)|METHOD_ENTRY|[10]||System.Pattern.compile(String)
16:37:42.0 (28307202)|METHOD_EXIT|[10]||System.Pattern.compile(String)
16:37:42.0 (28361638)|VARIABLE_ASSIGNMENT|[10]|this.utterancePattern|0xaad77b9|0x68726a1d
16:37:42.0 (28417907)|CONSTRUCTOR_EXIT|[22]|01pxx00000002fl|<init>(String,String)|BotController.HandlerMapping
16:37:42.0 (28481853)|HEAP_ALLOCATE|[EXTERNAL]|Bytes:4
16:37:42.0 (28578336)|HEAP_ALLOCATE|[21]|Bytes:5
16:37:42.0 (28675074)|HEAP_ALLOCATE|[21]|Bytes:16
16:37:42.0 (28712768)|VARIABLE_SCOPE_BEGIN|[21]|command|Bot_Command__c|true|false
16:37:42.0 (28772509)|VARIABLE_ASSIGNMENT|[21]|command|{"Apex_Class__c":"HandlerImageBasedSea (3 more) ...","Pattern__c":"(?i)search houses li (7 more) ...","Id":"a00xx0000004GwnAAE"}|0x15d1570b
16:37:42.0 (28791866)|STATEMENT_EXECUTE|[21]
16:37:42.0 (28801575)|STATEMENT_EXECUTE|[22]
16:37:42.0 (28830883)|HEAP_ALLOCATE|[22]|Bytes:12
16:37:42.0 (28935240)|CONSTRUCTOR_ENTRY|[22]|01pxx00000002fl|<init>(String,String)|BotController.HandlerMapping
16:37:42.0 (28961882)|VARIABLE_SCOPE_BEGIN|[8]|this|BotController.HandlerMapping|true|false
16:37:42.0 (29037318)|VARIABLE_ASSIGNMENT|[8]|this|{}|0x2fcc8e0e
16:37:42.0 (29055286)|VARIABLE_SCOPE_BEGIN|[8]|handlerClassName|String|false|false
16:37:42.0 (29090436)|VARIABLE_ASSIGNMENT|[8]|handlerClassName|"HandlerImageBasedSea (3 more) ..."
16:37:42.0 (29104964)|VARIABLE_SCOPE_BEGIN|[8]|patternStr|String|false|false
16:37:42.0 (29136457)|VARIABLE_ASSIGNMENT|[8]|patternStr|"(?i)search houses li (7 more) ..."
16:37:42.0 (29156229)|STATEMENT_EXECUTE|[3]
16:37:42.0 (29166329)|STATEMENT_EXECUTE|[5]
16:37:42.0 (29175274)|STATEMENT_EXECUTE|[6]
16:37:42.0 (29225819)|STATEMENT_EXECUTE|[8]
16:37:42.0 (29236777)|STATEMENT_EXECUTE|[9]
16:37:42.0 (29286189)|VARIABLE_ASSIGNMENT|[9]|this.handlerClassName|"HandlerImageBasedSea (3 more) ..."|0x2fcc8e0e
16:37:42.0 (29303548)|STATEMENT_EXECUTE|[10]
16:37:42.0 (29338418)|METHOD_ENTRY|[10]||System.Pattern.compile(String)
16:37:42.0 (29614248)|METHOD_EXIT|[10]||System.Pattern.compile(String)
16:37:42.0 (29657514)|VARIABLE_ASSIGNMENT|[10]|this.utterancePattern|0x525a07c6|0x2fcc8e0e
16:37:42.0 (29703128)|CONSTRUCTOR_EXIT|[22]|01pxx00000002fl|<init>(String,String)|BotController.HandlerMapping
16:37:42.0 (29759873)|HEAP_ALLOCATE|[EXTERNAL]|Bytes:4
16:37:42.0 (29851178)|HEAP_ALLOCATE|[21]|Bytes:5
16:37:42.0 (29942989)|HEAP_ALLOCATE|[21]|Bytes:16
16:37:42.0 (29977663)|VARIABLE_SCOPE_BEGIN|[21]|command|Bot_Command__c|true|false
16:37:42.0 (30031159)|VARIABLE_ASSIGNMENT|[21]|command|{"Apex_Class__c":"HandlerMyOpenCases","Pattern__c":"(?i).*open cases.*","Id":"a00xx0000004GwhAAE"}|0x6bf4ebff
16:37:42.0 (30050302)|STATEMENT_EXECUTE|[21]
16:37:42.0 (30059844)|STATEMENT_EXECUTE|[22]
16:37:42.0 (30090668)|HEAP_ALLOCATE|[22]|Bytes:12
16:37:42.0 (30189076)|CONSTRUCTOR_ENTRY|[22]|01pxx00000002fl|<init>(String,String)|BotController.HandlerMapping
16:37:42.0 (30212803)|VARIABLE_SCOPE_BEGIN|[8]|this|BotController.HandlerMapping|true|false
16:37:42.0 (30285140)|VARIABLE_ASSIGNMENT|[8]|this|{}|0x2903ad12
16:37:42.0 (30303799)|VARIABLE_SCOPE_BEGIN|[8]|handlerClassName|String|false|false
16:37:42.0 (30350373)|VARIABLE_ASSIGNMENT|[8]|handlerClassName|"HandlerMyOpenCases"
16:37:42.0 (30364708)|VARIABLE_SCOPE_BEGIN|[8]|patternStr|String|false|false
16:37:42.0 (30398740)|VARIABLE_ASSIGNMENT|[8]|patternStr|"(?i).*open cases.*"
16:37:42.0 (30414683)|STATEMENT_EXECUTE|[3]
16:37:42.0 (30423962)|STATEMENT_EXECUTE|[5]
16:37:42.0 (30432837)|STATEMENT_EXECUTE|[6]
16:37:42.0 (30482066)|STATEMENT_EXECUTE|[8]
16:37:42.0 (30493120)|STATEMENT_EXECUTE|[9]
16:37:42.0 (30541095)|VARIABLE_ASSIGNMENT|[9]|this.handlerClassName|"HandlerMyOpenCases"|0x2903ad12
16:37:42.0 (30558543)|STATEMENT_EXECUTE|[10]
16:37:42.0 (30592529)|METHOD_ENTRY|[10]||System.Pattern.compile(String)
16:37:42.0 (30856576)|METHOD_EXIT|[10]||System.Pattern.compile(String)
16:37:42.0 (30900226)|VARIABLE_ASSIGNMENT|[10]|this.utterancePattern|0x48f20734|0x2903ad12
16:37:42.0 (30945414)|CONSTRUCTOR_EXIT|[22]|01pxx00000002fl|<init>(String,String)|BotController.HandlerMapping
16:37:42.0 (31000977)|HEAP_ALLOCATE|[EXTERNAL]|Bytes:4
16:37:42.0 (31093694)|HEAP_ALLOCATE|[21]|Bytes:5
16:37:42.0 (31185535)|HEAP_ALLOCATE|[21]|Bytes:16
16:37:42.0 (31220444)|VARIABLE_SCOPE_BEGIN|[21]|command|Bot_Command__c|true|false
16:37:42.0 (31274324)|VARIABLE_ASSIGNMENT|[21]|command|{"Apex_Class__c":"HandlerPipeline","Pattern__c":"(?i).*pipeline.*","Id":"a00xx0000004GwiAAE"}|0x7f9bc26f
16:37:42.0 (31295028)|STATEMENT_EXECUTE|[21]
16:37:42.0 (31304813)|STATEMENT_EXECUTE|[22]
16:37:42.0 (31333313)|HEAP_ALLOCATE|[22]|Bytes:12
16:37:42.0 (31430868)|CONSTRUCTOR_ENTRY|[22]|01pxx00000002fl|<init>(String,String)|BotController.HandlerMapping
16:37:42.0 (31454499)|VARIABLE_SCOPE_BEGIN|[8]|this|BotController.HandlerMapping|true|false
16:37:42.0 (31525641)|VARIABLE_ASSIGNMENT|[8]|this|{}|0x3055cda
16:37:42.0 (31542258)|VARIABLE_SCOPE_BEGIN|[8]|handlerClassName|String|false|false
16:37:42.0 (31574476)|VARIABLE_ASSIGNMENT|[8]|handlerClassName|"HandlerPipeline"
16:37:42.0 (31588608)|VARIABLE_SCOPE_BEGIN|[8]|patternStr|String|false|false
16:37:42.0 (31619126)|VARIABLE_ASSIGNMENT|[8]|patternStr|"(?i).*pipeline.*"
16:37:42.0 (31634800)|STATEMENT_EXECUTE|[3]
16:37:42.0 (31646384)|STATEMENT_EXECUTE|[5]
16:37:42.0 (31655555)|STATEMENT_EXECUTE|[6]
16:37:42.0 (31704282)|STATEMENT_EXECUTE|[8]
16:37:42.0 (31715244)|STATEMENT_EXECUTE|[9]
16:37:42.0 (31762423)|VARIABLE_ASSIGNMENT|[9]|this.handlerClassName|"HandlerPipeline"|0x3055cda
16:37:42.0 (31779920)|STATEMENT_EXECUTE|[10]
16:37:42.0 (31812034)|METHOD_ENTRY|[10]||System.Pattern.compile(String)
16:37:42.0 (32073746)|METHOD_EXIT|[10]||System.Pattern.compile(String)
16:37:42.0 (32117682)|VARIABLE_ASSIGNMENT|[10]|this.utterancePattern|0x1e31f4b|0x3055cda
16:37:42.0 (32164782)|CONSTRUCTOR_EXIT|[22]|01pxx00000002fl|<init>(String,String)|BotController.HandlerMapping
16:37:42.0 (32220907)|HEAP_ALLOCATE|[EXTERNAL]|Bytes:4
16:37:42.0 (32310638)|HEAP_ALLOCATE|[21]|Bytes:5
16:37:42.0 (32402369)|HEAP_ALLOCATE|[21]|Bytes:16
16:37:42.0 (32436917)|VARIABLE_SCOPE_BEGIN|[21]|command|Bot_Command__c|true|false
16:37:42.0 (32489882)|VARIABLE_ASSIGNMENT|[21]|command|{"Apex_Class__c":"HandlerQuarter","Pattern__c":"(?i).*quarter.*","Id":"a00xx0000004GwjAAE"}|0x7a8be8a7
16:37:42.0 (32508198)|STATEMENT_EXECUTE|[21]
16:37:42.0 (32517836)|STATEMENT_EXECUTE|[22]
16:37:42.0 (32546354)|HEAP_ALLOCATE|[22]|Bytes:12
16:37:42.0 (32643286)|CONSTRUCTOR_ENTRY|[22]|01pxx00000002fl|<init>(String,String)|BotController.HandlerMapping
16:37:42.0 (32669049)|VARIABLE_SCOPE_BEGIN|[8]|this|BotController.HandlerMapping|true|false
16:37:42.0 (32742062)|VARIABLE_ASSIGNMENT|[8]|this|{}|0x35bc4958
16:37:42.0 (32759327)|VARIABLE_SCOPE_BEGIN|[8]|handlerClassName|String|false|false
16:37:42.0 (32791478)|VARIABLE_ASSIGNMENT|[8]|handlerClassName|"HandlerQuarter"
16:37:42.0 (32805221)|VARIABLE_SCOPE_BEGIN|[8]|patternStr|String|false|false
16:37:42.0 (32835927)|VARIABLE_ASSIGNMENT|[8]|patternStr|"(?i).*quarter.*"
16:37:42.0 (32853908)|STATEMENT_EXECUTE|[3]
16:37:42.0 (32863642)|STATEMENT_EXECUTE|[5]
16:37:42.0 (32872463)|STATEMENT_EXECUTE|[6]
16:37:42.0 (32921416)|STATEMENT_EXECUTE|[8]
16:37:42.0 (32932609)|STATEMENT_EXECUTE|[9]
16:37:42.0 (32982440)|VARIABLE_ASSIGNMENT|[9]|this.handlerClassName|"HandlerQuarter"|0x35bc4958
16:37:42.0 (33000064)|STATEMENT_EXECUTE|[10]
16:37:42.0 (33033309)|METHOD_ENTRY|[10]||System.Pattern.compile(String)
16:37:42.0 (33298867)|METHOD_EXIT|[10]||System.Pattern.compile(String)
16:37:42.0 (33341964)|VARIABLE_ASSIGNMENT|[10]|this.utterancePattern|0x6d2f237c|0x35bc4958
16:37:42.0 (33387039)|CONSTRUCTOR_EXIT|[22]|01pxx00000002fl|<init>(String,String)|BotController.HandlerMapping
16:37:42.0 (33444925)|HEAP_ALLOCATE|[EXTERNAL]|Bytes:4
16:37:42.0 (33536600)|HEAP_ALLOCATE|[21]|Bytes:5
16:37:42.0 (33628320)|HEAP_ALLOCATE|[21]|Bytes:16
16:37:42.0 (33663215)|VARIABLE_SCOPE_BEGIN|[21]|command|Bot_Command__c|true|false
16:37:42.0 (33718797)|VARIABLE_ASSIGNMENT|[21]|command|{"Apex_Class__c":"HandlerSOQL","Pattern__c":"(?i)select.*","Id":"a00xx0000004GwkAAE"}|0x657d91f2
16:37:42.0 (33737200)|STATEMENT_EXECUTE|[21]
16:37:42.0 (33746762)|STATEMENT_EXECUTE|[22]
16:37:42.0 (33775277)|HEAP_ALLOCATE|[22]|Bytes:12
16:37:42.0 (33876175)|CONSTRUCTOR_ENTRY|[22]|01pxx00000002fl|<init>(String,String)|BotController.HandlerMapping
16:37:42.0 (33899701)|VARIABLE_SCOPE_BEGIN|[8]|this|BotController.HandlerMapping|true|false
16:37:42.0 (33974105)|VARIABLE_ASSIGNMENT|[8]|this|{}|0x4465418f
16:37:42.0 (33990646)|VARIABLE_SCOPE_BEGIN|[8]|handlerClassName|String|false|false
16:37:42.0 (34022345)|VARIABLE_ASSIGNMENT|[8]|handlerClassName|"HandlerSOQL"
16:37:42.0 (34037361)|VARIABLE_SCOPE_BEGIN|[8]|patternStr|String|false|false
16:37:42.0 (34067919)|VARIABLE_ASSIGNMENT|[8]|patternStr|"(?i)select.*"
16:37:42.0 (34083846)|STATEMENT_EXECUTE|[3]
16:37:42.0 (34093201)|STATEMENT_EXECUTE|[5]
16:37:42.0 (34102144)|STATEMENT_EXECUTE|[6]
16:37:42.0 (34150942)|STATEMENT_EXECUTE|[8]
16:37:42.0 (34162178)|STATEMENT_EXECUTE|[9]
16:37:42.0 (34214435)|VARIABLE_ASSIGNMENT|[9]|this.handlerClassName|"HandlerSOQL"|0x4465418f
16:37:42.0 (34232016)|STATEMENT_EXECUTE|[10]
16:37:42.0 (34264755)|METHOD_ENTRY|[10]||System.Pattern.compile(String)
16:37:42.0 (34528442)|METHOD_EXIT|[10]||System.Pattern.compile(String)
16:37:42.0 (34571547)|VARIABLE_ASSIGNMENT|[10]|this.utterancePattern|0x5d65070f|0x4465418f
16:37:42.0 (34618317)|CONSTRUCTOR_EXIT|[22]|01pxx00000002fl|<init>(String,String)|BotController.HandlerMapping
16:37:42.0 (34675045)|HEAP_ALLOCATE|[EXTERNAL]|Bytes:4
16:37:42.0 (34821489)|HEAP_ALLOCATE|[21]|Bytes:5
16:37:42.0 (34936014)|HEAP_ALLOCATE|[21]|Bytes:16
16:37:42.0 (34976343)|VARIABLE_SCOPE_BEGIN|[21]|command|Bot_Command__c|true|false
16:37:42.0 (35043587)|VARIABLE_ASSIGNMENT|[21]|command|{"Apex_Class__c":"HandlerTopOpportunit (3 more) ...","Pattern__c":"(?i).*top (d+) oppor (8 more) ...","Id":"a00xx0000004GwlAAE"}|0x291a25b1
16:37:42.0 (35065232)|STATEMENT_EXECUTE|[21]
16:37:42.0 (35076637)|STATEMENT_EXECUTE|[22]
16:37:42.0 (35113033)|HEAP_ALLOCATE|[22]|Bytes:12
16:37:42.0 (35243110)|CONSTRUCTOR_ENTRY|[22]|01pxx00000002fl|<init>(String,String)|BotController.HandlerMapping
16:37:42.0 (35269819)|VARIABLE_SCOPE_BEGIN|[8]|this|BotController.HandlerMapping|true|false
16:37:42.0 (35351473)|VARIABLE_ASSIGNMENT|[8]|this|{}|0xa446372
16:37:42.0 (35369714)|VARIABLE_SCOPE_BEGIN|[8]|handlerClassName|String|false|false
16:37:42.0 (35409684)|VARIABLE_ASSIGNMENT|[8]|handlerClassName|"HandlerTopOpportunit (3 more) ..."
16:37:42.0 (35425271)|VARIABLE_SCOPE_BEGIN|[8]|patternStr|String|false|false
16:37:42.0 (35460671)|VARIABLE_ASSIGNMENT|[8]|patternStr|"(?i).*top (d+) oppor (8 more) ..."
16:37:42.0 (35478419)|STATEMENT_EXECUTE|[3]
16:37:42.0 (35489056)|STATEMENT_EXECUTE|[5]
16:37:42.0 (35499231)|STATEMENT_EXECUTE|[6]
16:37:42.0 (35556956)|STATEMENT_EXECUTE|[8]
16:37:42.0 (35569093)|STATEMENT_EXECUTE|[9]
16:37:42.0 (35623248)|VARIABLE_ASSIGNMENT|[9]|this.handlerClassName|"HandlerTopOpportunit (3 more) ..."|0xa446372
16:37:42.0 (35642366)|STATEMENT_EXECUTE|[10]
16:37:42.0 (35678428)|METHOD_ENTRY|[10]||System.Pattern.compile(String)
16:37:42.0 (35974768)|METHOD_EXIT|[10]||System.Pattern.compile(String)
16:37:42.0 (36025631)|VARIABLE_ASSIGNMENT|[10]|this.utterancePattern|0x1e649585|0xa446372
16:37:42.0 (36075927)|CONSTRUCTOR_EXIT|[22]|01pxx00000002fl|<init>(String,String)|BotController.HandlerMapping
16:37:42.0 (36140816)|HEAP_ALLOCATE|[EXTERNAL]|Bytes:4
16:37:42.0 (36240159)|HEAP_ALLOCATE|[21]|Bytes:5
16:37:42.0 (36337995)|HEAP_ALLOCATE|[21]|Bytes:16
16:37:42.0 (36375484)|VARIABLE_SCOPE_BEGIN|[21]|command|Bot_Command__c|true|false
16:37:42.0 (36434244)|VARIABLE_ASSIGNMENT|[21]|command|{"Apex_Class__c":"HandlerTravelApprova (1 more) ...","Pattern__c":"(?i)travel approval","Id":"a00xx0000004GwmAAE"}|0x8b30247
16:37:42.0 (36456353)|STATEMENT_EXECUTE|[21]
16:37:42.0 (36467549)|STATEMENT_EXECUTE|[22]
16:37:42.0 (36498348)|HEAP_ALLOCATE|[22]|Bytes:12
16:37:42.0 (36602254)|CONSTRUCTOR_ENTRY|[22]|01pxx00000002fl|<init>(String,String)|BotController.HandlerMapping
16:37:42.0 (36627676)|VARIABLE_SCOPE_BEGIN|[8]|this|BotController.HandlerMapping|true|false
16:37:42.0 (36702930)|VARIABLE_ASSIGNMENT|[8]|this|{}|0x70e3c6ff
16:37:42.0 (36720492)|VARIABLE_SCOPE_BEGIN|[8]|handlerClassName|String|false|false
16:37:42.0 (36758974)|VARIABLE_ASSIGNMENT|[8]|handlerClassName|"HandlerTravelApprova (1 more) ..."
16:37:42.0 (36774178)|VARIABLE_SCOPE_BEGIN|[8]|patternStr|String|false|false
16:37:42.0 (36810309)|VARIABLE_ASSIGNMENT|[8]|patternStr|"(?i)travel approval"
16:37:42.0 (36828009)|STATEMENT_EXECUTE|[3]
16:37:42.0 (36838771)|STATEMENT_EXECUTE|[5]
16:37:42.0 (36848893)|STATEMENT_EXECUTE|[6]
16:37:42.0 (36902929)|STATEMENT_EXECUTE|[8]
16:37:42.0 (36915049)|STATEMENT_EXECUTE|[9]
16:37:42.0 (36968173)|VARIABLE_ASSIGNMENT|[9]|this.handlerClassName|"HandlerTravelApprova (1 more) ..."|0x70e3c6ff
16:37:42.0 (36989104)|STATEMENT_EXECUTE|[10]
16:37:42.0 (37024427)|METHOD_ENTRY|[10]||System.Pattern.compile(String)
16:37:42.0 (37324925)|METHOD_EXIT|[10]||System.Pattern.compile(String)
16:37:42.0 (37372225)|VARIABLE_ASSIGNMENT|[10]|this.utterancePattern|0x54bfa93|0x70e3c6ff
16:37:42.0 (37421469)|CONSTRUCTOR_EXIT|[22]|01pxx00000002fl|<init>(String,String)|BotController.HandlerMapping
16:37:42.0 (37482615)|HEAP_ALLOCATE|[EXTERNAL]|Bytes:4
16:37:42.0 (37578597)|HEAP_ALLOCATE|[21]|Bytes:5
16:37:42.0 (37659710)|VARIABLE_ASSIGNMENT|[21]|command|null|
16:37:42.0 (37679355)|STATEMENT_EXECUTE|[24]
16:37:42.0 (37750468)|VARIABLE_ASSIGNMENT|[24]|BotController.handlerMappings|"List of size 13 too large to display"|0x6aab06cc
16:37:42.0 (37786579)|SYSTEM_MODE_EXIT|false
16:37:42.0 (37825690)|METHOD_EXIT|[1]|BotController
16:37:42.0 (37857047)|HEAP_ALLOCATE|[EXTERNAL]|Bytes:11
16:37:42.0 (37895877)|VARIABLE_SCOPE_BEGIN|[28]|utterance|String|false|false
16:37:42.0 (37934439)|VARIABLE_ASSIGNMENT|[28]|utterance|" find house"
16:37:42.0 (37955132)|VARIABLE_SCOPE_BEGIN|[28]|session|Map<String,String>|true|false
16:37:42.0 (37987275)|VARIABLE_ASSIGNMENT|[28]|session|null|
16:37:42.0 (38004448)|VARIABLE_SCOPE_BEGIN|[28]|fileName|String|false|false
16:37:42.0 (38039348)|VARIABLE_ASSIGNMENT|[28]|fileName|null
16:37:42.0 (38056871)|VARIABLE_SCOPE_BEGIN|[28]|fileContent|String|false|false
16:37:42.0 (38087537)|VARIABLE_ASSIGNMENT|[28]|fileContent|null
16:37:42.0 (38163390)|SYSTEM_MODE_ENTER|false
16:37:42.0 (38203734)|HEAP_ALLOCATE|[30]|Bytes:5
16:37:42.0 (38226968)|STATEMENT_EXECUTE|[28]
16:37:42.0 (38237765)|STATEMENT_EXECUTE|[30]
16:37:42.0 (38247796)|STATEMENT_EXECUTE|[30]
16:37:42.0 (38260008)|STATEMENT_EXECUTE|[32]
16:37:42.0 (38608083)|HEAP_ALLOCATE|[41]|Bytes:5
16:37:42.0 (38687788)|HEAP_ALLOCATE|[41]|Bytes:12
16:37:42.0 (38723739)|VARIABLE_SCOPE_BEGIN|[41]|mapping|BotController.HandlerMapping|true|false
16:37:42.0 (38838428)|VARIABLE_ASSIGNMENT|[41]|mapping|{"handlerClassName":"HandlerFileUpload","utterancePattern":"0x6493849d"}|0x563c75f0
16:37:42.0 (38858442)|STATEMENT_EXECUTE|[41]
16:37:42.0 (38868462)|STATEMENT_EXECUTE|[42]
16:37:42.0 (38921308)|HEAP_ALLOCATE|[42]|Bytes:4
16:37:42.0 (39037239)|VARIABLE_SCOPE_BEGIN|[42]|params|List<String>|true|false
16:37:42.0 (39139993)|HEAP_ALLOCATE|[EXTERNAL]|Bytes:4
16:37:42.0 (39179722)|VARIABLE_ASSIGNMENT|[42]|params|[]|0x16cf2604
16:37:42.0 (39196969)|STATEMENT_EXECUTE|[43]
16:37:42.0 (39246840)|METHOD_ENTRY|[43]|01pxx00000002fl|BotController.findMatchingHandlerIfPossible(HandlerMapping, String, Map<String,String>, List<String>)
16:37:42.0 (39306775)|VARIABLE_SCOPE_BEGIN|[58]|mapping|BotController.HandlerMapping|true|false
16:37:42.0 (39390360)|VARIABLE_ASSIGNMENT|[58]|mapping|{"handlerClassName":"HandlerFileUpload","utterancePattern":"0x6493849d"}|0x563c75f0
16:37:42.0 (39408601)|VARIABLE_SCOPE_BEGIN|[58]|utterance|String|false|false
16:37:42.0 (39441519)|VARIABLE_ASSIGNMENT|[58]|utterance|" find house"
16:37:42.0 (39457228)|VARIABLE_SCOPE_BEGIN|[58]|session|Map<String,String>|true|false
16:37:42.0 (39486159)|VARIABLE_ASSIGNMENT|[58]|session|null|
16:37:42.0 (39501005)|VARIABLE_SCOPE_BEGIN|[58]|params|List<String>|true|false
16:37:42.0 (39538842)|VARIABLE_ASSIGNMENT|[58]|params|[]|0x16cf2604
16:37:42.0 (39599729)|HEAP_ALLOCATE|[61]|Bytes:5
16:37:42.0 (39621825)|STATEMENT_EXECUTE|[58]
16:37:42.0 (39631555)|STATEMENT_EXECUTE|[61]
16:37:42.0 (39684355)|METHOD_ENTRY|[61]||System.Pattern.matcher(String)
16:37:42.0 (40374582)|METHOD_EXIT|[61]||System.Pattern.matcher(String)
16:37:42.0 (40399967)|VARIABLE_SCOPE_BEGIN|[61]|utteranceMatcher|System.Matcher|true|false
16:37:42.0 (40495095)|VARIABLE_ASSIGNMENT|[61]|utteranceMatcher|{"delegate":"0x78f5ce1c"}|0x22302cf3
16:37:42.0 (40550297)|METHOD_ENTRY|[62]||System.Matcher.matches()
16:37:42.0 (40811620)|METHOD_EXIT|[62]||System.Matcher.matches()
16:37:42.0 (40835994)|STATEMENT_EXECUTE|[69]
16:37:42.0 (40846426)|STATEMENT_EXECUTE|[70]
16:37:42.0 (40893000)|METHOD_EXIT|[43]|01pxx00000002fl|BotController.findMatchingHandlerIfPossible(HandlerMapping, String, Map<String,String>, List<String>)
16:37:42.0 (41154349)|VARIABLE_SCOPE_BEGIN|[43]|handler|BotHandler|true|false
16:37:42.0 (41198827)|VARIABLE_ASSIGNMENT|[43]|handler|null|
16:37:42.0 (41216242)|STATEMENT_EXECUTE|[44]
16:37:42.0 (41278262)|HEAP_ALLOCATE|[41]|Bytes:5
16:37:42.0 (41347416)|HEAP_ALLOCATE|[41]|Bytes:12
16:37:42.0 (41379601)|VARIABLE_SCOPE_BEGIN|[41]|mapping|BotController.HandlerMapping|true|false
16:37:42.0 (41474188)|VARIABLE_ASSIGNMENT|[41]|mapping|{"handlerClassName":"HandlerFindAccount","utterancePattern":"0x519553c2"}|0x64b32951
16:37:42.0 (41493096)|STATEMENT_EXECUTE|[41]
16:37:42.0 (41502619)|STATEMENT_EXECUTE|[42]
16:37:42.0 (41543829)|HEAP_ALLOCATE|[42]|Bytes:4
16:37:42.0 (41616262)|VARIABLE_SCOPE_BEGIN|[42]|params|List<String>|true|false
16:37:42.0 (41704224)|HEAP_ALLOCATE|[EXTERNAL]|Bytes:4
16:37:42.0 (41744921)|VARIABLE_ASSIGNMENT|[42]|params|[]|0x5d3d6142
16:37:42.0 (41761785)|STATEMENT_EXECUTE|[43]
16:37:42.0 (41799986)|METHOD_ENTRY|[43]|01pxx00000002fl|BotController.findMatchingHandlerIfPossible(HandlerMapping, String, Map<String,String>, List<String>)
16:37:42.0 (41827776)|VARIABLE_SCOPE_BEGIN|[58]|mapping|BotController.HandlerMapping|true|false
16:37:42.0 (41907680)|VARIABLE_ASSIGNMENT|[58]|mapping|{"handlerClassName":"HandlerFindAccount","utterancePattern":"0x519553c2"}|0x64b32951
16:37:42.0 (41928098)|VARIABLE_SCOPE_BEGIN|[58]|utterance|String|false|false
16:37:42.0 (41960154)|VARIABLE_ASSIGNMENT|[58]|utterance|" find house"
16:37:42.0 (41975060)|VARIABLE_SCOPE_BEGIN|[58]|session|Map<String,String>|true|false
16:37:42.0 (42003578)|VARIABLE_ASSIGNMENT|[58]|session|null|
16:37:42.0 (42019323)|VARIABLE_SCOPE_BEGIN|[58]|params|List<String>|true|false
16:37:42.0 (42052764)|VARIABLE_ASSIGNMENT|[58]|params|[]|0x5d3d6142
16:37:42.0 (42120076)|HEAP_ALLOCATE|[61]|Bytes:5
16:37:42.0 (42141048)|STATEMENT_EXECUTE|[58]
16:37:42.0 (42150320)|STATEMENT_EXECUTE|[61]
16:37:42.0 (42188573)|METHOD_ENTRY|[61]||System.Pattern.matcher(String)
16:37:42.0 (42506869)|METHOD_EXIT|[61]||System.Pattern.matcher(String)
16:37:42.0 (42530892)|VARIABLE_SCOPE_BEGIN|[61]|utteranceMatcher|System.Matcher|true|false
16:37:42.0 (42620672)|VARIABLE_ASSIGNMENT|[61]|utteranceMatcher|{"delegate":"0x7e4989a2"}|0x6b5632d5
16:37:42.0 (42660344)|METHOD_ENTRY|[62]||System.Matcher.matches()
16:37:42.0 (42796055)|METHOD_EXIT|[62]||System.Matcher.matches()
16:37:42.0 (42819803)|STATEMENT_EXECUTE|[69]
16:37:42.0 (42830148)|STATEMENT_EXECUTE|[70]
16:37:42.0 (42875252)|METHOD_EXIT|[43]|01pxx00000002fl|BotController.findMatchingHandlerIfPossible(HandlerMapping, String, Map<String,String>, List<String>)
16:37:42.0 (42901674)|VARIABLE_SCOPE_BEGIN|[43]|handler|BotHandler|true|false
16:37:42.0 (42942067)|VARIABLE_ASSIGNMENT|[43]|handler|null|
16:37:42.0 (42959349)|STATEMENT_EXECUTE|[44]
16:37:42.0 (43022591)|HEAP_ALLOCATE|[41]|Bytes:5
16:37:42.0 (43091118)|HEAP_ALLOCATE|[41]|Bytes:12
16:37:42.0 (43123032)|VARIABLE_SCOPE_BEGIN|[41]|mapping|BotController.HandlerMapping|true|false
16:37:42.0 (43214553)|VARIABLE_ASSIGNMENT|[41]|mapping|{"handlerClassName":"HandlerFindContact","utterancePattern":"0x4ce11ad6"}|0x29da8201
16:37:42.0 (43233256)|STATEMENT_EXECUTE|[41]
16:37:42.0 (43242856)|STATEMENT_EXECUTE|[42]
16:37:42.0 (43283297)|HEAP_ALLOCATE|[42]|Bytes:4
16:37:42.0 (43355333)|VARIABLE_SCOPE_BEGIN|[42]|params|List<String>|true|false
16:37:42.0 (43441131)|HEAP_ALLOCATE|[EXTERNAL]|Bytes:4
16:37:42.0 (43479364)|VARIABLE_ASSIGNMENT|[42]|params|[]|0x122af7c9
16:37:42.0 (43498154)|STATEMENT_EXECUTE|[43]
16:37:42.0 (43536569)|METHOD_ENTRY|[43]|01pxx00000002fl|BotController.findMatchingHandlerIfPossible(HandlerMapping, String, Map<String,String>, List<String>)
16:37:42.0 (43564178)|VARIABLE_SCOPE_BEGIN|[58]|mapping|BotController.HandlerMapping|true|false
16:37:42.0 (43643510)|VARIABLE_ASSIGNMENT|[58]|mapping|{"handlerClassName":"HandlerFindContact","utterancePattern":"0x4ce11ad6"}|0x29da8201
16:37:42.0 (43663526)|VARIABLE_SCOPE_BEGIN|[58]|utterance|String|false|false
16:37:42.0 (43695818)|VARIABLE_ASSIGNMENT|[58]|utterance|" find house"
16:37:42.0 (43710964)|VARIABLE_SCOPE_BEGIN|[58]|session|Map<String,String>|true|false
16:37:42.0 (43740085)|VARIABLE_ASSIGNMENT|[58]|session|null|
16:37:42.0 (43754872)|VARIABLE_SCOPE_BEGIN|[58]|params|List<String>|true|false
16:37:42.0 (43788414)|VARIABLE_ASSIGNMENT|[58]|params|[]|0x122af7c9
16:37:42.0 (43842774)|HEAP_ALLOCATE|[61]|Bytes:5
16:37:42.0 (43864310)|STATEMENT_EXECUTE|[58]
16:37:42.0 (43875808)|STATEMENT_EXECUTE|[61]
16:37:42.0 (43913167)|METHOD_ENTRY|[61]||System.Pattern.matcher(String)
16:37:42.0 (44224423)|METHOD_EXIT|[61]||System.Pattern.matcher(String)
16:37:42.0 (44248649)|VARIABLE_SCOPE_BEGIN|[61]|utteranceMatcher|System.Matcher|true|false
16:37:42.0 (44333393)|VARIABLE_ASSIGNMENT|[61]|utteranceMatcher|{"delegate":"0x48b0afc3"}|0x37825976
16:37:42.0 (44375678)|METHOD_ENTRY|[62]||System.Matcher.matches()
16:37:42.0 (44510423)|METHOD_EXIT|[62]||System.Matcher.matches()
16:37:42.0 (44533983)|STATEMENT_EXECUTE|[69]
16:37:42.0 (44544303)|STATEMENT_EXECUTE|[70]
16:37:42.0 (44591213)|METHOD_EXIT|[43]|01pxx00000002fl|BotController.findMatchingHandlerIfPossible(HandlerMapping, String, Map<String,String>, List<String>)
16:37:42.0 (44615734)|VARIABLE_SCOPE_BEGIN|[43]|handler|BotHandler|true|false
16:37:42.0 (44655818)|VARIABLE_ASSIGNMENT|[43]|handler|null|
16:37:42.0 (44672903)|STATEMENT_EXECUTE|[44]
16:37:42.0 (44733006)|HEAP_ALLOCATE|[41]|Bytes:5
16:37:42.0 (44798854)|HEAP_ALLOCATE|[41]|Bytes:12
16:37:42.0 (44831103)|VARIABLE_SCOPE_BEGIN|[41]|mapping|BotController.HandlerMapping|true|false
16:37:42.0 (44924675)|VARIABLE_ASSIGNMENT|[41]|mapping|{"handlerClassName":"HandlerFindPropertie (1 more) ...","utterancePattern":"0x4a950517"}|0x31654bba
16:37:42.0 (44943631)|STATEMENT_EXECUTE|[41]
16:37:42.0 (44953052)|STATEMENT_EXECUTE|[42]
16:37:42.0 (44991236)|HEAP_ALLOCATE|[42]|Bytes:4
16:37:42.0 (45065090)|VARIABLE_SCOPE_BEGIN|[42]|params|List<String>|true|false
16:37:42.0 (45152867)|HEAP_ALLOCATE|[EXTERNAL]|Bytes:4
16:37:42.0 (45193346)|VARIABLE_ASSIGNMENT|[42]|params|[]|0x7cf88829
16:37:42.0 (45212405)|STATEMENT_EXECUTE|[43]
16:37:42.0 (45250663)|METHOD_ENTRY|[43]|01pxx00000002fl|BotController.findMatchingHandlerIfPossible(HandlerMapping, String, Map<String,String>, List<String>)
16:37:42.0 (45277890)|VARIABLE_SCOPE_BEGIN|[58]|mapping|BotController.HandlerMapping|true|false
16:37:42.0 (45359510)|VARIABLE_ASSIGNMENT|[58]|mapping|{"handlerClassName":"HandlerFindPropertie (1 more) ...","utterancePattern":"0x4a950517"}|0x31654bba
16:37:42.0 (45377270)|VARIABLE_SCOPE_BEGIN|[58]|utterance|String|false|false
16:37:42.0 (45408851)|VARIABLE_ASSIGNMENT|[58]|utterance|" find house"
16:37:42.0 (45424013)|VARIABLE_SCOPE_BEGIN|[58]|session|Map<String,String>|true|false
16:37:42.0 (45452615)|VARIABLE_ASSIGNMENT|[58]|session|null|
16:37:42.0 (45467136)|VARIABLE_SCOPE_BEGIN|[58]|params|List<String>|true|false
16:37:42.0 (45500403)|VARIABLE_ASSIGNMENT|[58]|params|[]|0x7cf88829
16:37:42.0 (45556326)|HEAP_ALLOCATE|[61]|Bytes:5
16:37:42.0 (45577818)|STATEMENT_EXECUTE|[58]
16:37:42.0 (45587374)|STATEMENT_EXECUTE|[61]
16:37:42.0 (45623867)|METHOD_ENTRY|[61]||System.Pattern.matcher(String)
16:37:42.0 (45929511)|METHOD_EXIT|[61]||System.Pattern.matcher(String)
16:37:42.0 (45952933)|VARIABLE_SCOPE_BEGIN|[61]|utteranceMatcher|System.Matcher|true|false
16:37:42.0 (46036645)|VARIABLE_ASSIGNMENT|[61]|utteranceMatcher|{"delegate":"0x59942729"}|0x7b88c8d0
16:37:42.0 (46079279)|METHOD_ENTRY|[62]||System.Matcher.matches()
16:37:42.0 (46209746)|METHOD_EXIT|[62]||System.Matcher.matches()
16:37:42.0 (46232936)|STATEMENT_EXECUTE|[69]
16:37:42.0 (46243192)|STATEMENT_EXECUTE|[70]
16:37:42.0 (46288249)|METHOD_EXIT|[43]|01pxx00000002fl|BotController.findMatchingHandlerIfPossible(HandlerMapping, String, Map<String,String>, List<String>)
16:37:42.0 (46312423)|VARIABLE_SCOPE_BEGIN|[43]|handler|BotHandler|true|false
16:37:42.0 (46352378)|VARIABLE_ASSIGNMENT|[43]|handler|null|
16:37:42.0 (46369333)|STATEMENT_EXECUTE|[44]
16:37:42.0 (46429783)|HEAP_ALLOCATE|[41]|Bytes:5
16:37:42.0 (46496469)|HEAP_ALLOCATE|[41]|Bytes:12
16:37:42.0 (46528297)|VARIABLE_SCOPE_BEGIN|[41]|mapping|BotController.HandlerMapping|true|false
16:37:42.0 (46627437)|VARIABLE_ASSIGNMENT|[41]|mapping|{"handlerClassName":"HandlerFindPropertie (11 more) ...","utterancePattern":"0x7351d756"}|0x37225cce
16:37:42.0 (46646346)|STATEMENT_EXECUTE|[41]
16:37:42.0 (46655804)|STATEMENT_EXECUTE|[42]
16:37:42.0 (46695937)|HEAP_ALLOCATE|[42]|Bytes:4
16:37:42.0 (46767547)|VARIABLE_SCOPE_BEGIN|[42]|params|List<String>|true|false
16:37:42.0 (46856006)|HEAP_ALLOCATE|[EXTERNAL]|Bytes:4
16:37:42.0 (46895964)|VARIABLE_ASSIGNMENT|[42]|params|[]|0x55724c9b
16:37:42.0 (46914959)|STATEMENT_EXECUTE|[43]
16:37:42.0 (46952697)|METHOD_ENTRY|[43]|01pxx00000002fl|BotController.findMatchingHandlerIfPossible(HandlerMapping, String, Map<String,String>, List<String>)
16:37:42.0 (46982111)|VARIABLE_SCOPE_BEGIN|[58]|mapping|BotController.HandlerMapping|true|false
16:37:42.0 (47065473)|VARIABLE_ASSIGNMENT|[58]|mapping|{"handlerClassName":"HandlerFindPropertie (11 more) ...","utterancePattern":"0x7351d756"}|0x37225cce
16:37:42.0 (47084190)|VARIABLE_SCOPE_BEGIN|[58]|utterance|String|false|false
16:37:42.0 (47115878)|VARIABLE_ASSIGNMENT|[58]|utterance|" find house"
16:37:42.0 (47131333)|VARIABLE_SCOPE_BEGIN|[58]|session|Map<String,String>|true|false
16:37:42.0 (47159593)|VARIABLE_ASSIGNMENT|[58]|session|null|
16:37:42.0 (47173970)|VARIABLE_SCOPE_BEGIN|[58]|params|List<String>|true|false
16:37:42.0 (47207177)|VARIABLE_ASSIGNMENT|[58]|params|[]|0x55724c9b
16:37:42.0 (47260579)|HEAP_ALLOCATE|[61]|Bytes:5
16:37:42.0 (47281885)|STATEMENT_EXECUTE|[58]
16:37:42.0 (47291417)|STATEMENT_EXECUTE|[61]
16:37:42.0 (47327969)|METHOD_ENTRY|[61]||System.Pattern.matcher(String)
16:37:42.0 (47633913)|METHOD_EXIT|[61]||System.Pattern.matcher(String)
16:37:42.0 (47657290)|VARIABLE_SCOPE_BEGIN|[61]|utteranceMatcher|System.Matcher|true|false
16:37:42.0 (47752518)|VARIABLE_ASSIGNMENT|[61]|utteranceMatcher|{"delegate":"0x6801d0ad"}|0x4a84bad9
16:37:42.0 (47796128)|METHOD_ENTRY|[62]||System.Matcher.matches()
16:37:42.0 (47925603)|METHOD_EXIT|[62]||System.Matcher.matches()
16:37:42.0 (47948955)|STATEMENT_EXECUTE|[69]
16:37:42.0 (47959036)|STATEMENT_EXECUTE|[70]
16:37:42.0 (48002149)|METHOD_EXIT|[43]|01pxx00000002fl|BotController.findMatchingHandlerIfPossible(HandlerMapping, String, Map<String,String>, List<String>)
16:37:42.0 (48028850)|VARIABLE_SCOPE_BEGIN|[43]|handler|BotHandler|true|false
16:37:42.0 (48068556)|VARIABLE_ASSIGNMENT|[43]|handler|null|
16:37:42.0 (48085503)|STATEMENT_EXECUTE|[44]
16:37:42.0 (48145352)|HEAP_ALLOCATE|[41]|Bytes:5
16:37:42.0 (48211170)|HEAP_ALLOCATE|[41]|Bytes:12
16:37:42.0 (48242792)|VARIABLE_SCOPE_BEGIN|[41]|mapping|BotController.HandlerMapping|true|false
16:37:42.0 (48333671)|VARIABLE_ASSIGNMENT|[41]|mapping|{"handlerClassName":"HandlerHelp","utterancePattern":"0xaad77b9"}|0x68726a1d
16:37:42.0 (48352631)|STATEMENT_EXECUTE|[41]
16:37:42.0 (48362109)|STATEMENT_EXECUTE|[42]
16:37:42.0 (48403665)|HEAP_ALLOCATE|[42]|Bytes:4
16:37:42.0 (48475045)|VARIABLE_SCOPE_BEGIN|[42]|params|List<String>|true|false
16:37:42.0 (48562808)|HEAP_ALLOCATE|[EXTERNAL]|Bytes:4
16:37:42.0 (48601469)|VARIABLE_ASSIGNMENT|[42]|params|[]|0x7a5a2a43
16:37:42.0 (48617885)|STATEMENT_EXECUTE|[43]
16:37:42.0 (48657473)|METHOD_ENTRY|[43]|01pxx00000002fl|BotController.findMatchingHandlerIfPossible(HandlerMapping, String, Map<String,String>, List<String>)
16:37:42.0 (48686379)|VARIABLE_SCOPE_BEGIN|[58]|mapping|BotController.HandlerMapping|true|false
16:37:42.0 (48765385)|VARIABLE_ASSIGNMENT|[58]|mapping|{"handlerClassName":"HandlerHelp","utterancePattern":"0xaad77b9"}|0x68726a1d
16:37:42.0 (48783514)|VARIABLE_SCOPE_BEGIN|[58]|utterance|String|false|false
16:37:42.0 (48815555)|VARIABLE_ASSIGNMENT|[58]|utterance|" find house"
16:37:42.0 (48830488)|VARIABLE_SCOPE_BEGIN|[58]|session|Map<String,String>|true|false
16:37:42.0 (48859126)|VARIABLE_ASSIGNMENT|[58]|session|null|
16:37:42.0 (48873826)|VARIABLE_SCOPE_BEGIN|[58]|params|List<String>|true|false
16:37:42.0 (48907286)|VARIABLE_ASSIGNMENT|[58]|params|[]|0x7a5a2a43
16:37:42.0 (48962536)|HEAP_ALLOCATE|[61]|Bytes:5
16:37:42.0 (48984383)|STATEMENT_EXECUTE|[58]
16:37:42.0 (48994148)|STATEMENT_EXECUTE|[61]
16:37:42.0 (49030690)|METHOD_ENTRY|[61]||System.Pattern.matcher(String)
16:37:42.0 (49339055)|METHOD_EXIT|[61]||System.Pattern.matcher(String)
16:37:42.0 (49362813)|VARIABLE_SCOPE_BEGIN|[61]|utteranceMatcher|System.Matcher|true|false
16:37:42.0 (49446111)|VARIABLE_ASSIGNMENT|[61]|utteranceMatcher|{"delegate":"0x15e715a3"}|0x27c1fa8
16:37:42.0 (49489668)|METHOD_ENTRY|[62]||System.Matcher.matches()
16:37:42.0 (49617112)|METHOD_EXIT|[62]||System.Matcher.matches()
16:37:42.0 (49642287)|STATEMENT_EXECUTE|[69]
16:37:42.0 (49652493)|STATEMENT_EXECUTE|[70]
16:37:42.0 (49695651)|METHOD_EXIT|[43]|01pxx00000002fl|BotController.findMatchingHandlerIfPossible(HandlerMapping, String, Map<String,String>, List<String>)
16:37:42.0 (49722087)|VARIABLE_SCOPE_BEGIN|[43]|handler|BotHandler|true|false
16:37:42.0 (49763408)|VARIABLE_ASSIGNMENT|[43]|handler|null|
16:37:42.0 (49780613)|STATEMENT_EXECUTE|[44]
16:37:42.0 (49840711)|HEAP_ALLOCATE|[41]|Bytes:5
16:37:42.0 (49906868)|HEAP_ALLOCATE|[41]|Bytes:12
16:37:42.0 (49938703)|VARIABLE_SCOPE_BEGIN|[41]|mapping|BotController.HandlerMapping|true|false
16:37:42.0 (50043938)|VARIABLE_ASSIGNMENT|[41]|mapping|{"handlerClassName":"HandlerImageBasedSea (3 more) ...","utterancePattern":"0x525a07c6"}|0x2fcc8e0e
16:37:42.0 (50063045)|STATEMENT_EXECUTE|[41]
16:37:42.0 (50072115)|STATEMENT_EXECUTE|[42]
16:37:42.0 (50108993)|HEAP_ALLOCATE|[42]|Bytes:4
16:37:42.0 (50194326)|VARIABLE_SCOPE_BEGIN|[42]|params|List<String>|true|false
16:37:42.0 (50289016)|HEAP_ALLOCATE|[EXTERNAL]|Bytes:4
16:37:42.0 (50340284)|VARIABLE_ASSIGNMENT|[42]|params|[]|0x58f2ec90
16:37:42.0 (50365868)|STATEMENT_EXECUTE|[43]
16:37:42.0 (50408823)|METHOD_ENTRY|[43]|01pxx00000002fl|BotController.findMatchingHandlerIfPossible(HandlerMapping, String, Map<String,String>, List<String>)
16:37:42.0 (50437199)|VARIABLE_SCOPE_BEGIN|[58]|mapping|BotController.HandlerMapping|true|false
16:37:42.0 (50522415)|VARIABLE_ASSIGNMENT|[58]|mapping|{"handlerClassName":"HandlerImageBasedSea (3 more) ...","utterancePattern":"0x525a07c6"}|0x2fcc8e0e
16:37:42.0 (50540726)|VARIABLE_SCOPE_BEGIN|[58]|utterance|String|false|false
16:37:42.0 (50572708)|VARIABLE_ASSIGNMENT|[58]|utterance|" find house"
16:37:42.0 (50587706)|VARIABLE_SCOPE_BEGIN|[58]|session|Map<String,String>|true|false
16:37:42.0 (50616154)|VARIABLE_ASSIGNMENT|[58]|session|null|
16:37:42.0 (50630590)|VARIABLE_SCOPE_BEGIN|[58]|params|List<String>|true|false
16:37:42.0 (50663969)|VARIABLE_ASSIGNMENT|[58]|params|[]|0x58f2ec90
16:37:42.0 (50717508)|HEAP_ALLOCATE|[61]|Bytes:5
16:37:42.0 (50738926)|STATEMENT_EXECUTE|[58]
16:37:42.0 (50748771)|STATEMENT_EXECUTE|[61]
16:37:42.0 (50786399)|METHOD_ENTRY|[61]||System.Pattern.matcher(String)
16:37:42.0 (51096109)|METHOD_EXIT|[61]||System.Pattern.matcher(String)
16:37:42.0 (51120445)|VARIABLE_SCOPE_BEGIN|[61]|utteranceMatcher|System.Matcher|true|false
16:37:42.0 (51207111)|VARIABLE_ASSIGNMENT|[61]|utteranceMatcher|{"delegate":"0x3a112979"}|0x506ce5dc
16:37:42.0 (51246406)|METHOD_ENTRY|[62]||System.Matcher.matches()
16:37:42.0 (51372956)|METHOD_EXIT|[62]||System.Matcher.matches()
16:37:42.0 (51396408)|STATEMENT_EXECUTE|[69]
16:37:42.0 (51409144)|STATEMENT_EXECUTE|[70]
16:37:42.0 (51455254)|METHOD_EXIT|[43]|01pxx00000002fl|BotController.findMatchingHandlerIfPossible(HandlerMapping, String, Map<String,String>, List<String>)
16:37:42.0 (51479555)|VARIABLE_SCOPE_BEGIN|[43]|handler|BotHandler|true|false
16:37:42.0 (51519410)|VARIABLE_ASSIGNMENT|[43]|handler|null|
16:37:42.0 (51536667)|STATEMENT_EXECUTE|[44]
16:37:42.0 (51598306)|HEAP_ALLOCATE|[41]|Bytes:5
16:37:42.0 (51664008)|HEAP_ALLOCATE|[41]|Bytes:12
16:37:42.0 (51697508)|VARIABLE_SCOPE_BEGIN|[41]|mapping|BotController.HandlerMapping|true|false
16:37:42.0 (51787644)|VARIABLE_ASSIGNMENT|[41]|mapping|{"handlerClassName":"HandlerMyOpenCases","utterancePattern":"0x48f20734"}|0x2903ad12
16:37:42.0 (51806152)|STATEMENT_EXECUTE|[41]
16:37:42.0 (51815763)|STATEMENT_EXECUTE|[42]
16:37:42.0 (51855829)|HEAP_ALLOCATE|[42]|Bytes:4
16:37:42.0 (51927731)|VARIABLE_SCOPE_BEGIN|[42]|params|List<String>|true|false
16:37:42.0 (52013079)|HEAP_ALLOCATE|[EXTERNAL]|Bytes:4
16:37:42.0 (52051998)|VARIABLE_ASSIGNMENT|[42]|params|[]|0x74bd5b17
16:37:42.0 (52070691)|STATEMENT_EXECUTE|[43]
16:37:42.0 (52107968)|METHOD_ENTRY|[43]|01pxx00000002fl|BotController.findMatchingHandlerIfPossible(HandlerMapping, String, Map<String,String>, List<String>)
16:37:42.0 (52135729)|VARIABLE_SCOPE_BEGIN|[58]|mapping|BotController.HandlerMapping|true|false
16:37:42.0 (52218204)|VARIABLE_ASSIGNMENT|[58]|mapping|{"handlerClassName":"HandlerMyOpenCases","utterancePattern":"0x48f20734"}|0x2903ad12
16:37:42.0 (52236619)|VARIABLE_SCOPE_BEGIN|[58]|utterance|String|false|false
16:37:42.0 (52268777)|VARIABLE_ASSIGNMENT|[58]|utterance|" find house"
16:37:42.0 (52283726)|VARIABLE_SCOPE_BEGIN|[58]|session|Map<String,String>|true|false
16:37:42.0 (52312413)|VARIABLE_ASSIGNMENT|[58]|session|null|
16:37:42.0 (52326947)|VARIABLE_SCOPE_BEGIN|[58]|params|List<String>|true|false
16:37:42.0 (52359823)|VARIABLE_ASSIGNMENT|[58]|params|[]|0x74bd5b17
16:37:42.0 (52413449)|HEAP_ALLOCATE|[61]|Bytes:5
16:37:42.0 (52434797)|STATEMENT_EXECUTE|[58]
16:37:42.0 (52444417)|STATEMENT_EXECUTE|[61]
16:37:42.0 (52480837)|METHOD_ENTRY|[61]||System.Pattern.matcher(String)
16:37:42.0 (52786539)|METHOD_EXIT|[61]||System.Pattern.matcher(String)
16:37:42.0 (52810318)|VARIABLE_SCOPE_BEGIN|[61]|utteranceMatcher|System.Matcher|true|false
16:37:42.0 (52897250)|VARIABLE_ASSIGNMENT|[61]|utteranceMatcher|{"delegate":"0x43480259"}|0x2339c8eb
16:37:42.0 (52936573)|METHOD_ENTRY|[62]||System.Matcher.matches()
16:37:42.0 (53075267)|METHOD_EXIT|[62]||System.Matcher.matches()
16:37:42.0 (53099916)|STATEMENT_EXECUTE|[69]
16:37:42.0 (53110265)|STATEMENT_EXECUTE|[70]
16:37:42.0 (53156031)|METHOD_EXIT|[43]|01pxx00000002fl|BotController.findMatchingHandlerIfPossible(HandlerMapping, String, Map<String,String>, List<String>)
16:37:42.0 (53180734)|VARIABLE_SCOPE_BEGIN|[43]|handler|BotHandler|true|false
16:37:42.0 (53221083)|VARIABLE_ASSIGNMENT|[43]|handler|null|
16:37:42.0 (53238034)|STATEMENT_EXECUTE|[44]
16:37:42.0 (53298179)|HEAP_ALLOCATE|[41]|Bytes:5
16:37:42.0 (53366972)|HEAP_ALLOCATE|[41]|Bytes:12
16:37:42.0 (53399052)|VARIABLE_SCOPE_BEGIN|[41]|mapping|BotController.HandlerMapping|true|false
16:37:42.0 (53491266)|VARIABLE_ASSIGNMENT|[41]|mapping|{"handlerClassName":"HandlerPipeline","utterancePattern":"0x1e31f4b"}|0x3055cda
16:37:42.0 (53509967)|STATEMENT_EXECUTE|[41]
16:37:42.0 (53519670)|STATEMENT_EXECUTE|[42]
16:37:42.0 (53558244)|HEAP_ALLOCATE|[42]|Bytes:4
16:37:42.0 (53629449)|VARIABLE_SCOPE_BEGIN|[42]|params|List<String>|true|false
16:37:42.0 (53716758)|HEAP_ALLOCATE|[EXTERNAL]|Bytes:4
16:37:42.0 (53758705)|VARIABLE_ASSIGNMENT|[42]|params|[]|0x5e6c8e01
16:37:42.0 (53775673)|STATEMENT_EXECUTE|[43]
16:37:42.0 (53815067)|METHOD_ENTRY|[43]|01pxx00000002fl|BotController.findMatchingHandlerIfPossible(HandlerMapping, String, Map<String,String>, List<String>)
16:37:42.0 (53842739)|VARIABLE_SCOPE_BEGIN|[58]|mapping|BotController.HandlerMapping|true|false
16:37:42.0 (53923390)|VARIABLE_ASSIGNMENT|[58]|mapping|{"handlerClassName":"HandlerPipeline","utterancePattern":"0x1e31f4b"}|0x3055cda
16:37:42.0 (53941356)|VARIABLE_SCOPE_BEGIN|[58]|utterance|String|false|false
16:37:42.0 (53972913)|VARIABLE_ASSIGNMENT|[58]|utterance|" find house"
16:37:42.0 (53987970)|VARIABLE_SCOPE_BEGIN|[58]|session|Map<String,String>|true|false
16:37:42.0 (54016424)|VARIABLE_ASSIGNMENT|[58]|session|null|
16:37:42.0 (54031716)|VARIABLE_SCOPE_BEGIN|[58]|params|List<String>|true|false
16:37:42.0 (54064733)|VARIABLE_ASSIGNMENT|[58]|params|[]|0x5e6c8e01
16:37:42.0 (54119669)|HEAP_ALLOCATE|[61]|Bytes:5
16:37:42.0 (54141074)|STATEMENT_EXECUTE|[58]
16:37:42.0 (54150675)|STATEMENT_EXECUTE|[61]
16:37:42.0 (54189145)|METHOD_ENTRY|[61]||System.Pattern.matcher(String)
16:37:42.0 (54498738)|METHOD_EXIT|[61]||System.Pattern.matcher(String)
16:37:42.0 (54525226)|VARIABLE_SCOPE_BEGIN|[61]|utteranceMatcher|System.Matcher|true|false
16:37:42.0 (54608855)|VARIABLE_ASSIGNMENT|[61]|utteranceMatcher|{"delegate":"0x337f7bb7"}|0x45b2da2
16:37:42.0 (54648246)|METHOD_ENTRY|[62]||System.Matcher.matches()
16:37:42.0 (54780650)|METHOD_EXIT|[62]||System.Matcher.matches()
16:37:42.0 (54804154)|STATEMENT_EXECUTE|[69]
16:37:42.0 (54814545)|STATEMENT_EXECUTE|[70]
16:37:42.0 (54857936)|METHOD_EXIT|[43]|01pxx00000002fl|BotController.findMatchingHandlerIfPossible(HandlerMapping, String, Map<String,String>, List<String>)
16:37:42.0 (54882267)|VARIABLE_SCOPE_BEGIN|[43]|handler|BotHandler|true|false
16:37:42.0 (54929447)|VARIABLE_ASSIGNMENT|[43]|handler|null|
16:37:42.0 (54946890)|STATEMENT_EXECUTE|[44]
16:37:42.0 (55008432)|HEAP_ALLOCATE|[41]|Bytes:5
16:37:42.0 (55075498)|HEAP_ALLOCATE|[41]|Bytes:12
16:37:42.0 (55107606)|VARIABLE_SCOPE_BEGIN|[41]|mapping|BotController.HandlerMapping|true|false
16:37:42.0 (55198693)|VARIABLE_ASSIGNMENT|[41]|mapping|{"handlerClassName":"HandlerQuarter","utterancePattern":"0x6d2f237c"}|0x35bc4958
16:37:42.0 (55217746)|STATEMENT_EXECUTE|[41]
16:37:42.0 (55227609)|STATEMENT_EXECUTE|[42]
16:37:42.0 (55266213)|HEAP_ALLOCATE|[42]|Bytes:4
16:37:42.0 (55337928)|VARIABLE_SCOPE_BEGIN|[42]|params|List<String>|true|false
16:37:42.0 (55427931)|HEAP_ALLOCATE|[EXTERNAL]|Bytes:4
16:37:42.0 (55467693)|VARIABLE_ASSIGNMENT|[42]|params|[]|0x37e781f
16:37:42.0 (55484474)|STATEMENT_EXECUTE|[43]
16:37:42.0 (55521938)|METHOD_ENTRY|[43]|01pxx00000002fl|BotController.findMatchingHandlerIfPossible(HandlerMapping, String, Map<String,String>, List<String>)
16:37:42.0 (55552958)|VARIABLE_SCOPE_BEGIN|[58]|mapping|BotController.HandlerMapping|true|false
16:37:42.0 (55631275)|VARIABLE_ASSIGNMENT|[58]|mapping|{"handlerClassName":"HandlerQuarter","utterancePattern":"0x6d2f237c"}|0x35bc4958
16:37:42.0 (55651785)|VARIABLE_SCOPE_BEGIN|[58]|utterance|String|false|false
16:37:42.0 (55684238)|VARIABLE_ASSIGNMENT|[58]|utterance|" find house"
16:37:42.0 (55699467)|VARIABLE_SCOPE_BEGIN|[58]|session|Map<String,String>|true|false
16:37:42.0 (55727767)|VARIABLE_ASSIGNMENT|[58]|session|null|
16:37:42.0 (55742038)|VARIABLE_SCOPE_BEGIN|[58]|params|List<String>|true|false
16:37:42.0 (55774997)|VARIABLE_ASSIGNMENT|[58]|params|[]|0x37e781f
16:37:42.0 (55828926)|HEAP_ALLOCATE|[61]|Bytes:5
16:37:42.0 (55850513)|STATEMENT_EXECUTE|[58]
16:37:42.0 (55860211)|STATEMENT_EXECUTE|[61]
16:37:42.0 (55898228)|METHOD_ENTRY|[61]||System.Pattern.matcher(String)
16:37:42.0 (56207197)|METHOD_EXIT|[61]||System.Pattern.matcher(String)
16:37:42.0 (56231497)|VARIABLE_SCOPE_BEGIN|[61]|utteranceMatcher|System.Matcher|true|false
16:37:42.0 (56317664)|VARIABLE_ASSIGNMENT|[61]|utteranceMatcher|{"delegate":"0x5e9563ef"}|0x3be7abd1
16:37:42.0 (56356634)|METHOD_ENTRY|[62]||System.Matcher.matches()
16:37:42.0 (56490749)|METHOD_EXIT|[62]||System.Matcher.matches()
16:37:42.0 (56514136)|STATEMENT_EXECUTE|[69]
16:37:42.0 (56524569)|STATEMENT_EXECUTE|[70]
16:37:42.0 (56567873)|METHOD_EXIT|[43]|01pxx00000002fl|BotController.findMatchingHandlerIfPossible(HandlerMapping, String, Map<String,String>, List<String>)
16:37:42.0 (56591773)|VARIABLE_SCOPE_BEGIN|[43]|handler|BotHandler|true|false
16:37:42.0 (56635733)|VARIABLE_ASSIGNMENT|[43]|handler|null|
16:37:42.0 (56652918)|STATEMENT_EXECUTE|[44]
16:37:42.0 (56712949)|HEAP_ALLOCATE|[41]|Bytes:5
16:37:42.0 (56779009)|HEAP_ALLOCATE|[41]|Bytes:12
16:37:42.0 (56810564)|VARIABLE_SCOPE_BEGIN|[41]|mapping|BotController.HandlerMapping|true|false
16:37:42.0 (56899954)|VARIABLE_ASSIGNMENT|[41]|mapping|{"handlerClassName":"HandlerSOQL","utterancePattern":"0x5d65070f"}|0x4465418f
16:37:42.0 (56918708)|STATEMENT_EXECUTE|[41]
16:37:42.0 (56928083)|STATEMENT_EXECUTE|[42]
16:37:42.0 (56969973)|HEAP_ALLOCATE|[42]|Bytes:4
16:37:42.0 (57056136)|VARIABLE_SCOPE_BEGIN|[42]|params|List<String>|true|false
16:37:42.0 (57152864)|HEAP_ALLOCATE|[EXTERNAL]|Bytes:4
16:37:42.0 (57191437)|VARIABLE_ASSIGNMENT|[42]|params|[]|0x55a9410e
16:37:42.0 (57208015)|STATEMENT_EXECUTE|[43]
16:37:42.0 (57245649)|METHOD_ENTRY|[43]|01pxx00000002fl|BotController.findMatchingHandlerIfPossible(HandlerMapping, String, Map<String,String>, List<String>)
16:37:42.0 (57273076)|VARIABLE_SCOPE_BEGIN|[58]|mapping|BotController.HandlerMapping|true|false
16:37:42.0 (57365889)|VARIABLE_ASSIGNMENT|[58]|mapping|{"handlerClassName":"HandlerSOQL","utterancePattern":"0x5d65070f"}|0x4465418f
16:37:42.0 (57391231)|VARIABLE_SCOPE_BEGIN|[58]|utterance|String|false|false
16:37:42.0 (57424631)|VARIABLE_ASSIGNMENT|[58]|utterance|" find house"
16:37:42.0 (57440177)|VARIABLE_SCOPE_BEGIN|[58]|session|Map<String,String>|true|false
16:37:42.0 (57468416)|VARIABLE_ASSIGNMENT|[58]|session|null|
16:37:42.0 (57482792)|VARIABLE_SCOPE_BEGIN|[58]|params|List<String>|true|false
16:37:42.0 (57515845)|VARIABLE_ASSIGNMENT|[58]|params|[]|0x55a9410e
16:37:42.0 (57570511)|HEAP_ALLOCATE|[61]|Bytes:5
16:37:42.0 (57592277)|STATEMENT_EXECUTE|[58]
16:37:42.0 (57601893)|STATEMENT_EXECUTE|[61]
16:37:42.0 (57638667)|METHOD_ENTRY|[61]||System.Pattern.matcher(String)
16:37:42.0 (57954713)|METHOD_EXIT|[61]||System.Pattern.matcher(String)
16:37:42.0 (57978208)|VARIABLE_SCOPE_BEGIN|[61]|utteranceMatcher|System.Matcher|true|false
16:37:42.0 (58062644)|VARIABLE_ASSIGNMENT|[61]|utteranceMatcher|{"delegate":"0x5396d149"}|0x449ad047
16:37:42.0 (58102731)|METHOD_ENTRY|[62]||System.Matcher.matches()
16:37:42.0 (58230510)|METHOD_EXIT|[62]||System.Matcher.matches()
16:37:42.0 (58254170)|STATEMENT_EXECUTE|[69]
16:37:42.0 (58264470)|STATEMENT_EXECUTE|[70]
16:37:42.0 (58307638)|METHOD_EXIT|[43]|01pxx00000002fl|BotController.findMatchingHandlerIfPossible(HandlerMapping, String, Map<String,String>, List<String>)
16:37:42.0 (58333923)|VARIABLE_SCOPE_BEGIN|[43]|handler|BotHandler|true|false
16:37:42.0 (58377423)|VARIABLE_ASSIGNMENT|[43]|handler|null|
16:37:42.0 (58396924)|STATEMENT_EXECUTE|[44]
16:37:42.0 (58457577)|HEAP_ALLOCATE|[41]|Bytes:5
16:37:42.0 (58523797)|HEAP_ALLOCATE|[41]|Bytes:12
16:37:42.0 (58557391)|VARIABLE_SCOPE_BEGIN|[41]|mapping|BotController.HandlerMapping|true|false
16:37:42.0 (58649251)|VARIABLE_ASSIGNMENT|[41]|mapping|{"handlerClassName":"HandlerTopOpportunit (3 more) ...","utterancePattern":"0x1e649585"}|0xa446372
16:37:42.0 (58668091)|STATEMENT_EXECUTE|[41]
16:37:42.0 (58677605)|STATEMENT_EXECUTE|[42]
16:37:42.0 (58718031)|HEAP_ALLOCATE|[42]|Bytes:4
16:37:42.0 (58791485)|VARIABLE_SCOPE_BEGIN|[42]|params|List<String>|true|false
16:37:42.0 (58879267)|HEAP_ALLOCATE|[EXTERNAL]|Bytes:4
16:37:42.0 (58919183)|VARIABLE_ASSIGNMENT|[42]|params|[]|0x28baebe8
16:37:42.0 (58936495)|STATEMENT_EXECUTE|[43]
16:37:42.0 (58974026)|METHOD_ENTRY|[43]|01pxx00000002fl|BotController.findMatchingHandlerIfPossible(HandlerMapping, String, Map<String,String>, List<String>)
16:37:42.0 (59001417)|VARIABLE_SCOPE_BEGIN|[58]|mapping|BotController.HandlerMapping|true|false
16:37:42.0 (59082752)|VARIABLE_ASSIGNMENT|[58]|mapping|{"handlerClassName":"HandlerTopOpportunit (3 more) ...","utterancePattern":"0x1e649585"}|0xa446372
16:37:42.0 (59103104)|VARIABLE_SCOPE_BEGIN|[58]|utterance|String|false|false
16:37:42.0 (59135310)|VARIABLE_ASSIGNMENT|[58]|utterance|" find house"
16:37:42.0 (59150510)|VARIABLE_SCOPE_BEGIN|[58]|session|Map<String,String>|true|false
16:37:42.0 (59178903)|VARIABLE_ASSIGNMENT|[58]|session|null|
16:37:42.0 (59193772)|VARIABLE_SCOPE_BEGIN|[58]|params|List<String>|true|false
16:37:42.0 (59226854)|VARIABLE_ASSIGNMENT|[58]|params|[]|0x28baebe8
16:37:42.0 (59281410)|HEAP_ALLOCATE|[61]|Bytes:5
16:37:42.0 (59304733)|STATEMENT_EXECUTE|[58]
16:37:42.0 (59314352)|STATEMENT_EXECUTE|[61]
16:37:42.0 (59352426)|METHOD_ENTRY|[61]||System.Pattern.matcher(String)
16:37:42.0 (59659238)|METHOD_EXIT|[61]||System.Pattern.matcher(String)
16:37:42.0 (59682685)|VARIABLE_SCOPE_BEGIN|[61]|utteranceMatcher|System.Matcher|true|false
16:37:42.0 (59767073)|VARIABLE_ASSIGNMENT|[61]|utteranceMatcher|{"delegate":"0x3ab00e50"}|0x71ff68b
16:37:42.0 (59806273)|METHOD_ENTRY|[62]||System.Matcher.matches()
16:37:42.0 (59939677)|METHOD_EXIT|[62]||System.Matcher.matches()
16:37:42.0 (59962824)|STATEMENT_EXECUTE|[69]
16:37:42.0 (59973073)|STATEMENT_EXECUTE|[70]
16:37:42.0 (60016250)|METHOD_EXIT|[43]|01pxx00000002fl|BotController.findMatchingHandlerIfPossible(HandlerMapping, String, Map<String,String>, List<String>)
16:37:42.0 (60040996)|VARIABLE_SCOPE_BEGIN|[43]|handler|BotHandler|true|false
16:37:42.0 (60083669)|VARIABLE_ASSIGNMENT|[43]|handler|null|
16:37:42.0 (60101059)|STATEMENT_EXECUTE|[44]
16:37:42.0 (60163786)|HEAP_ALLOCATE|[41]|Bytes:5
16:37:42.0 (60230223)|HEAP_ALLOCATE|[41]|Bytes:12
16:37:42.0 (60261954)|VARIABLE_SCOPE_BEGIN|[41]|mapping|BotController.HandlerMapping|true|false
16:37:42.0 (60355204)|VARIABLE_ASSIGNMENT|[41]|mapping|{"handlerClassName":"HandlerTravelApprova (1 more) ...","utterancePattern":"0x54bfa93"}|0x70e3c6ff
16:37:42.0 (60373832)|STATEMENT_EXECUTE|[41]
16:37:42.0 (60383349)|STATEMENT_EXECUTE|[42]
16:37:42.0 (60424879)|HEAP_ALLOCATE|[42]|Bytes:4
16:37:42.0 (60498592)|VARIABLE_SCOPE_BEGIN|[42]|params|List<String>|true|false
16:37:42.0 (60587608)|HEAP_ALLOCATE|[EXTERNAL]|Bytes:4
16:37:42.0 (60625864)|VARIABLE_ASSIGNMENT|[42]|params|[]|0x14d4e3f1
16:37:42.0 (60642459)|STATEMENT_EXECUTE|[43]
16:37:42.0 (60679951)|METHOD_ENTRY|[43]|01pxx00000002fl|BotController.findMatchingHandlerIfPossible(HandlerMapping, String, Map<String,String>, List<String>)
16:37:42.0 (60707405)|VARIABLE_SCOPE_BEGIN|[58]|mapping|BotController.HandlerMapping|true|false
16:37:42.0 (60786154)|VARIABLE_ASSIGNMENT|[58]|mapping|{"handlerClassName":"HandlerTravelApprova (1 more) ...","utterancePattern":"0x54bfa93"}|0x70e3c6ff
16:37:42.0 (60804085)|VARIABLE_SCOPE_BEGIN|[58]|utterance|String|false|false
16:37:42.0 (60837937)|VARIABLE_ASSIGNMENT|[58]|utterance|" find house"
16:37:42.0 (60853232)|VARIABLE_SCOPE_BEGIN|[58]|session|Map<String,String>|true|false
16:37:42.0 (60881713)|VARIABLE_ASSIGNMENT|[58]|session|null|
16:37:42.0 (60896315)|VARIABLE_SCOPE_BEGIN|[58]|params|List<String>|true|false
16:37:42.0 (60929910)|VARIABLE_ASSIGNMENT|[58]|params|[]|0x14d4e3f1
16:37:42.0 (60985592)|HEAP_ALLOCATE|[61]|Bytes:5
16:37:42.0 (61007059)|STATEMENT_EXECUTE|[58]
16:37:42.0 (61017504)|STATEMENT_EXECUTE|[61]
16:37:42.0 (61056173)|METHOD_ENTRY|[61]||System.Pattern.matcher(String)
16:37:42.0 (61362464)|METHOD_EXIT|[61]||System.Pattern.matcher(String)
16:37:42.0 (61385987)|VARIABLE_SCOPE_BEGIN|[61]|utteranceMatcher|System.Matcher|true|false
16:37:42.0 (61468970)|VARIABLE_ASSIGNMENT|[61]|utteranceMatcher|{"delegate":"0x6c07e44e"}|0xa233d47
16:37:42.0 (61508409)|METHOD_ENTRY|[62]||System.Matcher.matches()
16:37:42.0 (61638847)|METHOD_EXIT|[62]||System.Matcher.matches()
16:37:42.0 (61662313)|STATEMENT_EXECUTE|[69]
16:37:42.0 (61672619)|STATEMENT_EXECUTE|[70]
16:37:42.0 (61715749)|METHOD_EXIT|[43]|01pxx00000002fl|BotController.findMatchingHandlerIfPossible(HandlerMapping, String, Map<String,String>, List<String>)
16:37:42.0 (61739944)|VARIABLE_SCOPE_BEGIN|[43]|handler|BotHandler|true|false
16:37:42.0 (61779554)|VARIABLE_ASSIGNMENT|[43]|handler|null|
16:37:42.0 (61796544)|STATEMENT_EXECUTE|[44]
16:37:42.0 (61860254)|HEAP_ALLOCATE|[41]|Bytes:5
16:37:42.0 (61935567)|VARIABLE_ASSIGNMENT|[41]|mapping|null|
16:37:42.0 (61954254)|STATEMENT_EXECUTE|[49]
16:37:42.0 (62220190)|HEAP_ALLOCATE|[49]|Bytes:112
16:37:42.0 (62256967)|HEAP_ALLOCATE|[49]|Bytes:16
16:37:42.0 (62305767)|METHOD_ENTRY|[1]|01pxx00000002fs|BotResponse.BotResponse()
16:37:42.0 (62326915)|STATEMENT_EXECUTE|[1]
16:37:42.0 (62341518)|STATEMENT_EXECUTE|[1]
16:37:42.0 (62364667)|METHOD_EXIT|[1]|BotResponse
16:37:42.0 (62404570)|HEAP_ALLOCATE|[49]|Bytes:12
16:37:42.0 (62633059)|HEAP_ALLOCATE|[49]|Bytes:204
16:37:42.0 (62666428)|HEAP_ALLOCATE|[49]|Bytes:29
16:37:42.0 (62712749)|METHOD_ENTRY|[1]|01pxx00000002fp|BotMessage.BotMessage()
16:37:42.0 (62733136)|STATEMENT_EXECUTE|[1]
16:37:42.0 (62747785)|STATEMENT_EXECUTE|[1]
16:37:42.0 (62770378)|METHOD_EXIT|[1]|BotMessage
16:37:42.0 (62810011)|HEAP_ALLOCATE|[49]|Bytes:28
16:37:42.0 (62840234)|HEAP_ALLOCATE|[49]|Bytes:3
16:37:42.0 (62865970)|HEAP_ALLOCATE|[49]|Bytes:31
16:37:42.0 (62927045)|CONSTRUCTOR_ENTRY|[49]|01pxx00000002fp|<init>(String,String)|BotMessage
16:37:42.0 (62986388)|VARIABLE_SCOPE_BEGIN|[13]|this|BotMessage|true|false
16:37:42.0 (63115414)|VARIABLE_ASSIGNMENT|[13]|this|{}|0x211daa3c
16:37:42.0 (63133045)|VARIABLE_SCOPE_BEGIN|[13]|author|String|false|false
16:37:42.0 (63165515)|VARIABLE_ASSIGNMENT|[13]|author|"Bot"
16:37:42.0 (63181785)|VARIABLE_SCOPE_BEGIN|[13]|messageText|String|false|false
16:37:42.0 (63216939)|VARIABLE_ASSIGNMENT|[13]|messageText|"I don't know how to  (11 more) ..."
16:37:42.0 (63235552)|STATEMENT_EXECUTE|[1]
16:37:42.0 (63245299)|STATEMENT_EXECUTE|[3]
16:37:42.0 (63254325)|STATEMENT_EXECUTE|[4]
16:37:42.0 (63263064)|STATEMENT_EXECUTE|[5]
16:37:42.0 (63271993)|STATEMENT_EXECUTE|[6]
16:37:42.0 (63280829)|STATEMENT_EXECUTE|[7]
16:37:42.0 (63289619)|STATEMENT_EXECUTE|[8]
16:37:42.0 (63342516)|STATEMENT_EXECUTE|[13]
16:37:42.0 (63353985)|STATEMENT_EXECUTE|[14]
16:37:42.0 (63536559)|VARIABLE_ASSIGNMENT|[EXTERNAL]|this|{}|0x211daa3c
16:37:42.0 (63575495)|VARIABLE_ASSIGNMENT|[EXTERNAL]|value|"Bot"
16:37:42.0 (63630993)|VARIABLE_ASSIGNMENT|[3]|this.author|"Bot"|0x211daa3c
16:37:42.0 (63671408)|STATEMENT_EXECUTE|[15]
16:37:42.0 (63853405)|VARIABLE_ASSIGNMENT|[EXTERNAL]|this|{"author":"Bot"}|0x211daa3c
16:37:42.0 (63893806)|VARIABLE_ASSIGNMENT|[EXTERNAL]|value|"I don't know how to  (11 more) ..."
16:37:42.0 (63950923)|VARIABLE_ASSIGNMENT|[4]|this.messageText|"I don't know how to  (11 more) ..."|0x211daa3c
16:37:42.0 (64023073)|CONSTRUCTOR_EXIT|[49]|01pxx00000002fp|<init>(String,String)|BotMessage
16:37:42.0 (64074092)|CONSTRUCTOR_ENTRY|[49]|01pxx00000002fs|<init>(BotMessage)|BotResponse
16:37:42.0 (64096868)|VARIABLE_SCOPE_BEGIN|[21]|this|BotResponse|true|false
16:37:42.0 (64176354)|VARIABLE_ASSIGNMENT|[21]|this|{}|0x3247625d
16:37:42.0 (64193073)|VARIABLE_SCOPE_BEGIN|[21]|message|BotMessage|true|false
16:37:42.0 (64317186)|VARIABLE_ASSIGNMENT|[21]|message|{"author":"Bot","messageText":"I don't know how to  (11 more) ..."}|0x211daa3c
16:37:42.0 (64337774)|STATEMENT_EXECUTE|[1]
16:37:42.0 (64350965)|STATEMENT_EXECUTE|[3]
16:37:42.0 (64363447)|STATEMENT_EXECUTE|[4]
16:37:42.0 (64436354)|STATEMENT_EXECUTE|[21]
16:37:42.0 (64449570)|STATEMENT_EXECUTE|[22]
16:37:42.0 (64531019)|HEAP_ALLOCATE|[22]|Bytes:4
16:37:42.0 (64795510)|VARIABLE_ASSIGNMENT|[EXTERNAL]|this|{}|0x3247625d
16:37:42.0 (64876585)|HEAP_ALLOCATE|[EXTERNAL]|Bytes:8
16:37:42.0 (65004790)|VARIABLE_ASSIGNMENT|[EXTERNAL]|value|[{"author":"Bot","messageText":"I don't know how to  (11 more) ..."}]|0x6e603a33
16:37:42.0 (65154431)|VARIABLE_ASSIGNMENT|[3]|this.messages|[{"author":"Bot","messageText":"I don't know how to  (11 more) ..."}]|0x3247625d
16:37:42.0 (65220197)|CONSTRUCTOR_EXIT|[49]|01pxx00000002fs|<init>(BotMessage)|BotResponse
16:37:42.0 (65254908)|SYSTEM_MODE_EXIT|false
16:37:42.65 (65368292)|CUMULATIVE_LIMIT_USAGE
16:37:42.65 (65368292)|LIMIT_USAGE_FOR_NS|(default)|
  Number of SOQL queries: 1 out of 100
  Number of query rows: 13 out of 50000
  Number of SOSL queries: 0 out of 20
  Number of DML statements: 0 out of 150
  Number of DML rows: 0 out of 10000
  Maximum CPU time: 0 out of 10000
  Maximum heap size: 0 out of 6000000
  Number of callouts: 0 out of 100
  Number of Email Invocations: 0 out of 10
  Number of future calls: 0 out of 50
  Number of queueable jobs added to the queue: 0 out of 50
  Number of Mobile Apex push calls: 0 out of 10

16:37:42.65 (65368292)|CUMULATIVE_LIMIT_USAGE_END

16:37:42.0 (65438231)|CODE_UNIT_FINISHED|BotController.submit(String, Map<String,String>, String, String)
16:37:42.0 (72325847)|CODE_UNIT_FINISHED|Aura
16:37:42.0 (74653613)|EXECUTION_FINISHED
