43.0 APEX_CODE,FINEST;APEX_PROFILING,INFO;CALLOUT,INFO;DB,INFO;SYSTEM,DEBUG;VALIDATION,INFO;VISUALFORCE,FINEST;WAVE,INFO;WORKFLOW,INFO
13:58:10.3 (3369786)|USER_INFO|[EXTERNAL]|005xx000001SvFC|test-hdg4bq4heddp@example.com|Pacific Standard Time|GMT-07:00
13:58:10.3 (3431810)|EXECUTION_STARTED
13:58:10.3 (3450066)|CODE_UNIT_STARTED|[EXTERNAL]|Aura
13:58:10.3 (7160362)|HEAP_ALLOCATE|[72]|Bytes:3
13:58:10.3 (7389966)|HEAP_ALLOCATE|[77]|Bytes:152
13:58:10.3 (7458372)|HEAP_ALLOCATE|[342]|Bytes:408
13:58:10.3 (7531419)|HEAP_ALLOCATE|[355]|Bytes:408
13:58:10.3 (7600880)|HEAP_ALLOCATE|[467]|Bytes:48
13:58:10.3 (7764912)|HEAP_ALLOCATE|[139]|Bytes:6
13:58:10.3 (7865590)|HEAP_ALLOCATE|[EXTERNAL]|Bytes:11
13:58:10.3 (7912825)|HEAP_ALLOCATE|[EXTERNAL]|Bytes:11
13:58:10.3 (11731173)|CODE_UNIT_STARTED|[EXTERNAL]|01pxx00000002fl|BotController.submit(String, Map<String,String>, String, String)
13:58:10.3 (12545165)|VARIABLE_SCOPE_BEGIN|[15]|BotController.handlerMappings|List<BotController.HandlerMapping>|true|true
13:58:10.3 (13030350)|HEAP_ALLOCATE|[EXTERNAL]|Bytes:14
13:58:10.3 (13064485)|HEAP_ALLOCATE|[EXTERNAL]|Bytes:2
13:58:10.3 (13090455)|HEAP_ALLOCATE|[EXTERNAL]|Bytes:8
13:58:10.3 (13142770)|METHOD_ENTRY|[1]|01pxx00000002fl|BotController.BotController()
13:58:10.3 (13162324)|STATEMENT_EXECUTE|[1]
13:58:10.3 (13176598)|STATEMENT_EXECUTE|[1]
13:58:10.3 (13257421)|HEAP_ALLOCATE|[50]|Bytes:5
13:58:10.3 (13358837)|HEAP_ALLOCATE|[56]|Bytes:5
13:58:10.3 (13411878)|HEAP_ALLOCATE|[64]|Bytes:7
13:58:10.3 (14598570)|SYSTEM_MODE_ENTER|false
13:58:10.3 (14660055)|HEAP_ALLOCATE|[18]|Bytes:5
13:58:10.3 (14685301)|STATEMENT_EXECUTE|[3]
13:58:10.3 (14692875)|STATEMENT_EXECUTE|[17]
13:58:10.3 (14699696)|STATEMENT_EXECUTE|[18]
13:58:10.3 (14715578)|HEAP_ALLOCATE|[18]|Bytes:105
13:58:10.3 (14856665)|HEAP_ALLOCATE|[18]|Bytes:4
13:58:10.3 (15787869)|SOQL_EXECUTE_BEGIN|[18]|Aggregations:0|SELECT apex_class__c, pattern__c FROM Bot_Command__c WHERE Active__c = TRUE ORDER BY Name ASC NULLS FIRST
13:58:10.3 (21174891)|SOQL_EXECUTE_END|[18]|Rows:13
13:58:10.3 (21265595)|HEAP_ALLOCATE|[18]|Bytes:56
13:58:10.3 (21380409)|HEAP_ALLOCATE|[18]|Bytes:1280
13:58:10.3 (21667155)|HEAP_ALLOCATE|[18]|Bytes:56
13:58:10.3 (21705380)|VARIABLE_SCOPE_BEGIN|[18]|commands|List<Bot_Command__c>|true|false
13:58:10.3 (22099089)|VARIABLE_ASSIGNMENT|[18]|commands|"List of size 13 too large to display"|0x6bc54a6b
13:58:10.3 (22115621)|STATEMENT_EXECUTE|[19]
13:58:10.3 (22653765)|USER_DEBUG|[19]|DEBUG|(Bot_Command__c:{Apex_Class__c=HandlerFileUpload, Pattern__c=(?i)upload, Id=a00xx0000004GwoAAE}, Bot_Command__c:{Apex_Class__c=HandlerFindAccount, Pattern__c=(?i).*account ([A-Za-z0-9]*), Id=a00xx0000004GwcAAE}, Bot_Command__c:{Apex_Class__c=HandlerFindContact, Pattern__c=(?i).*contact ([A-Za-z0-9]*), Id=a00xx0000004GwdAAE}, Bot_Command__c:{Apex_Class__c=HandlerFindProperties, Pattern__c=(?i)find house, Id=a00xx0000004GweAAE}, Bot_Command__c:{Apex_Class__c=HandlerFindPropertiesByBedrooms, Pattern__c=(?i)([0-9]*) bedrooms in ([A-Za-z]*), Id=a00xx0000004GwfAAE}, Bot_Command__c:{Apex_Class__c=HandlerHelp, Pattern__c=(?i)help, Id=a00xx0000004GwgAAE}, Bot_Command__c:{Apex_Class__c=HandlerImageBasedSearch, Pattern__c=(?i)search houses like this, Id=a00xx0000004GwnAAE}, Bot_Command__c:{Apex_Class__c=HandlerMyOpenCases, Pattern__c=(?i).*open cases.*, Id=a00xx0000004GwhAAE}, Bot_Command__c:{Apex_Class__c=HandlerPipeline, Pattern__c=(?i).*pipeline.*, Id=a00xx0000004GwiAAE}, Bot_Command__c:{Apex_Class__c=HandlerQuarter, Pattern__c=(?i).*quarter.*, Id=a00xx0000004GwjAAE}, ...)
13:58:10.3 (22729071)|STATEMENT_EXECUTE|[20]
13:58:10.3 (22770871)|HEAP_ALLOCATE|[20]|Bytes:4
13:58:10.3 (22976062)|VARIABLE_SCOPE_BEGIN|[20]|mappings|List<BotController.HandlerMapping>|true|false
13:58:10.3 (23051773)|HEAP_ALLOCATE|[EXTERNAL]|Bytes:4
13:58:10.3 (23091368)|VARIABLE_ASSIGNMENT|[20]|mappings|[]|0x514da3a4
13:58:10.3 (23567988)|HEAP_ALLOCATE|[21]|Bytes:5
13:58:10.3 (23678121)|HEAP_ALLOCATE|[21]|Bytes:16
13:58:10.3 (23715789)|VARIABLE_SCOPE_BEGIN|[21]|command|Bot_Command__c|true|false
13:58:10.3 (23772180)|VARIABLE_ASSIGNMENT|[21]|command|{"Apex_Class__c":"HandlerFileUpload","Pattern__c":"(?i)upload","Id":"a00xx0000004GwoAAE"}|0x78098f34
13:58:10.3 (23788242)|STATEMENT_EXECUTE|[21]
13:58:10.3 (23795440)|STATEMENT_EXECUTE|[22]
13:58:10.3 (23903111)|HEAP_ALLOCATE|[22]|Bytes:1
13:58:10.3 (24078824)|HEAP_ALLOCATE|[22]|Bytes:12
13:58:10.3 (24239385)|CONSTRUCTOR_ENTRY|[22]|01pxx00000002fl|<init>(String,String)|BotController.HandlerMapping
13:58:10.3 (24301034)|VARIABLE_SCOPE_BEGIN|[8]|this|BotController.HandlerMapping|true|false
13:58:10.3 (24396012)|VARIABLE_ASSIGNMENT|[8]|this|{}|0x19dfdc03
13:58:10.3 (24414475)|VARIABLE_SCOPE_BEGIN|[8]|handlerClassName|String|false|false
13:58:10.3 (24445040)|VARIABLE_ASSIGNMENT|[8]|handlerClassName|"HandlerFileUpload"
13:58:10.3 (24459823)|VARIABLE_SCOPE_BEGIN|[8]|patternStr|String|false|false
13:58:10.3 (24487914)|VARIABLE_ASSIGNMENT|[8]|patternStr|"(?i)upload"
13:58:10.3 (24507708)|STATEMENT_EXECUTE|[3]
13:58:10.3 (24514814)|STATEMENT_EXECUTE|[5]
13:58:10.3 (24521362)|STATEMENT_EXECUTE|[6]
13:58:10.3 (24548812)|HEAP_ALLOCATE|[9]|Bytes:6
13:58:10.3 (24661009)|STATEMENT_EXECUTE|[8]
13:58:10.3 (24668940)|STATEMENT_EXECUTE|[9]
13:58:10.3 (24721083)|VARIABLE_ASSIGNMENT|[9]|this.handlerClassName|"HandlerFileUpload"|0x19dfdc03
13:58:10.3 (24736172)|STATEMENT_EXECUTE|[10]
13:58:10.3 (24764422)|HEAP_ALLOCATE|[10]|Bytes:24
13:58:10.3 (24810381)|SYSTEM_METHOD_ENTRY|[1]|Pattern.Pattern()
13:58:10.3 (24827607)|STATEMENT_EXECUTE|[1]
13:58:10.3 (24853109)|SYSTEM_METHOD_EXIT|[1]|Pattern
13:58:10.3 (24890283)|METHOD_ENTRY|[10]||System.Pattern.compile(String)
13:58:10.3 (25426668)|METHOD_EXIT|[10]||System.Pattern.compile(String)
13:58:10.3 (25473870)|VARIABLE_ASSIGNMENT|[10]|this.utterancePattern|0x6527a743|0x19dfdc03
13:58:10.3 (25507248)|CONSTRUCTOR_EXIT|[22]|01pxx00000002fl|<init>(String,String)|BotController.HandlerMapping
13:58:10.3 (25560312)|HEAP_ALLOCATE|[EXTERNAL]|Bytes:4
13:58:10.3 (25629128)|HEAP_ALLOCATE|[21]|Bytes:5
13:58:10.3 (25696395)|HEAP_ALLOCATE|[21]|Bytes:16
13:58:10.3 (25728283)|VARIABLE_SCOPE_BEGIN|[21]|command|Bot_Command__c|true|false
13:58:10.3 (25780160)|VARIABLE_ASSIGNMENT|[21]|command|{"Apex_Class__c":"HandlerFindAccount","Pattern__c":"(?i).*account ([A-Za (8 more) ...","Id":"a00xx0000004GwcAAE"}|0xf09df94
13:58:10.3 (25800290)|STATEMENT_EXECUTE|[21]
13:58:10.3 (25807384)|STATEMENT_EXECUTE|[22]
13:58:10.3 (25832922)|HEAP_ALLOCATE|[22]|Bytes:12
13:58:10.3 (25914391)|CONSTRUCTOR_ENTRY|[22]|01pxx00000002fl|<init>(String,String)|BotController.HandlerMapping
13:58:10.3 (25933424)|VARIABLE_SCOPE_BEGIN|[8]|this|BotController.HandlerMapping|true|false
13:58:10.3 (26002282)|VARIABLE_ASSIGNMENT|[8]|this|{}|0x3f934127
13:58:10.3 (26016539)|VARIABLE_SCOPE_BEGIN|[8]|handlerClassName|String|false|false
13:58:10.3 (26046967)|VARIABLE_ASSIGNMENT|[8]|handlerClassName|"HandlerFindAccount"
13:58:10.3 (26058487)|VARIABLE_SCOPE_BEGIN|[8]|patternStr|String|false|false
13:58:10.3 (26087148)|VARIABLE_ASSIGNMENT|[8]|patternStr|"(?i).*account ([A-Za (8 more) ..."
13:58:10.3 (26100671)|STATEMENT_EXECUTE|[3]
13:58:10.3 (26107360)|STATEMENT_EXECUTE|[5]
13:58:10.3 (26113899)|STATEMENT_EXECUTE|[6]
13:58:10.3 (26155241)|STATEMENT_EXECUTE|[8]
13:58:10.3 (26162766)|STATEMENT_EXECUTE|[9]
13:58:10.3 (26207434)|VARIABLE_ASSIGNMENT|[9]|this.handlerClassName|"HandlerFindAccount"|0x3f934127
13:58:10.3 (26224455)|STATEMENT_EXECUTE|[10]
13:58:10.3 (26245170)|METHOD_ENTRY|[10]||System.Pattern.compile(String)
13:58:10.3 (26470968)|METHOD_EXIT|[10]||System.Pattern.compile(String)
13:58:10.3 (26509447)|VARIABLE_ASSIGNMENT|[10]|this.utterancePattern|0x58cbbd12|0x3f934127
13:58:10.3 (26540540)|CONSTRUCTOR_EXIT|[22]|01pxx00000002fl|<init>(String,String)|BotController.HandlerMapping
13:58:10.3 (26581979)|HEAP_ALLOCATE|[EXTERNAL]|Bytes:4
13:58:10.3 (26648281)|HEAP_ALLOCATE|[21]|Bytes:5
13:58:10.3 (26711752)|HEAP_ALLOCATE|[21]|Bytes:16
13:58:10.3 (26741501)|VARIABLE_SCOPE_BEGIN|[21]|command|Bot_Command__c|true|false
13:58:10.3 (26791645)|VARIABLE_ASSIGNMENT|[21]|command|{"Apex_Class__c":"HandlerFindContact","Pattern__c":"(?i).*contact ([A-Za (8 more) ...","Id":"a00xx0000004GwdAAE"}|0x489fc345
13:58:10.3 (26807329)|STATEMENT_EXECUTE|[21]
13:58:10.3 (26814050)|STATEMENT_EXECUTE|[22]
13:58:10.3 (26839290)|HEAP_ALLOCATE|[22]|Bytes:12
13:58:10.3 (26924565)|CONSTRUCTOR_ENTRY|[22]|01pxx00000002fl|<init>(String,String)|BotController.HandlerMapping
13:58:10.3 (26946479)|VARIABLE_SCOPE_BEGIN|[8]|this|BotController.HandlerMapping|true|false
13:58:10.3 (27015381)|VARIABLE_ASSIGNMENT|[8]|this|{}|0x8e14f7
13:58:10.3 (27029543)|VARIABLE_SCOPE_BEGIN|[8]|handlerClassName|String|false|false
13:58:10.3 (27059462)|VARIABLE_ASSIGNMENT|[8]|handlerClassName|"HandlerFindContact"
13:58:10.3 (27073410)|VARIABLE_SCOPE_BEGIN|[8]|patternStr|String|false|false
13:58:10.3 (27102395)|VARIABLE_ASSIGNMENT|[8]|patternStr|"(?i).*contact ([A-Za (8 more) ..."
13:58:10.3 (27115872)|STATEMENT_EXECUTE|[3]
13:58:10.3 (27122631)|STATEMENT_EXECUTE|[5]
13:58:10.3 (27141526)|STATEMENT_EXECUTE|[6]
13:58:10.3 (27203694)|STATEMENT_EXECUTE|[8]
13:58:10.3 (27212002)|STATEMENT_EXECUTE|[9]
13:58:10.3 (27266315)|VARIABLE_ASSIGNMENT|[9]|this.handlerClassName|"HandlerFindContact"|0x8e14f7
13:58:10.3 (27285021)|STATEMENT_EXECUTE|[10]
13:58:10.3 (27312169)|METHOD_ENTRY|[10]||System.Pattern.compile(String)
13:58:10.3 (27558060)|METHOD_EXIT|[10]||System.Pattern.compile(String)
13:58:10.3 (27597679)|VARIABLE_ASSIGNMENT|[10]|this.utterancePattern|0xd0600a|0x8e14f7
13:58:10.3 (27632834)|CONSTRUCTOR_EXIT|[22]|01pxx00000002fl|<init>(String,String)|BotController.HandlerMapping
13:58:10.3 (27685612)|HEAP_ALLOCATE|[EXTERNAL]|Bytes:4
13:58:10.3 (27763064)|HEAP_ALLOCATE|[21]|Bytes:5
13:58:10.3 (27833700)|HEAP_ALLOCATE|[21]|Bytes:16
13:58:10.3 (27865080)|VARIABLE_SCOPE_BEGIN|[21]|command|Bot_Command__c|true|false
13:58:10.3 (27931400)|VARIABLE_ASSIGNMENT|[21]|command|{"Apex_Class__c":"HandlerFindPropertie (1 more) ...","Pattern__c":"(?i)find house","Id":"a00xx0000004GweAAE"}|0x7603e57
13:58:10.3 (27950103)|STATEMENT_EXECUTE|[21]
13:58:10.3 (27957044)|STATEMENT_EXECUTE|[22]
13:58:10.3 (27982890)|HEAP_ALLOCATE|[22]|Bytes:12
13:58:10.3 (28056255)|CONSTRUCTOR_ENTRY|[22]|01pxx00000002fl|<init>(String,String)|BotController.HandlerMapping
13:58:10.3 (28076119)|VARIABLE_SCOPE_BEGIN|[8]|this|BotController.HandlerMapping|true|false
13:58:10.3 (28150007)|VARIABLE_ASSIGNMENT|[8]|this|{}|0x25ef934e
13:58:10.3 (28163902)|VARIABLE_SCOPE_BEGIN|[8]|handlerClassName|String|false|false
13:58:10.3 (28195520)|VARIABLE_ASSIGNMENT|[8]|handlerClassName|"HandlerFindPropertie (1 more) ..."
13:58:10.3 (28207073)|VARIABLE_SCOPE_BEGIN|[8]|patternStr|String|false|false
13:58:10.3 (28234807)|VARIABLE_ASSIGNMENT|[8]|patternStr|"(?i)find house"
13:58:10.3 (28248282)|STATEMENT_EXECUTE|[3]
13:58:10.3 (28255287)|STATEMENT_EXECUTE|[5]
13:58:10.3 (28261799)|STATEMENT_EXECUTE|[6]
13:58:10.3 (28303033)|STATEMENT_EXECUTE|[8]
13:58:10.3 (28310539)|STATEMENT_EXECUTE|[9]
13:58:10.3 (28355861)|VARIABLE_ASSIGNMENT|[9]|this.handlerClassName|"HandlerFindPropertie (1 more) ..."|0x25ef934e
13:58:10.3 (28370709)|STATEMENT_EXECUTE|[10]
13:58:10.3 (28394241)|METHOD_ENTRY|[10]||System.Pattern.compile(String)
13:58:10.3 (28622002)|METHOD_EXIT|[10]||System.Pattern.compile(String)
13:58:10.3 (28658823)|VARIABLE_ASSIGNMENT|[10]|this.utterancePattern|0x20c999cc|0x25ef934e
13:58:10.3 (28689670)|CONSTRUCTOR_EXIT|[22]|01pxx00000002fl|<init>(String,String)|BotController.HandlerMapping
13:58:10.3 (28730835)|HEAP_ALLOCATE|[EXTERNAL]|Bytes:4
13:58:10.3 (28797214)|HEAP_ALLOCATE|[21]|Bytes:5
13:58:10.3 (28864474)|HEAP_ALLOCATE|[21]|Bytes:16
13:58:10.3 (28896126)|VARIABLE_SCOPE_BEGIN|[21]|command|Bot_Command__c|true|false
13:58:10.3 (28949730)|VARIABLE_ASSIGNMENT|[21]|command|{"Apex_Class__c":"HandlerFindPropertie (11 more) ...","Pattern__c":"(?i)([0-9]*) bedroom (16 more) ...","Id":"a00xx0000004GwfAAE"}|0x332471a0
13:58:10.3 (28965410)|STATEMENT_EXECUTE|[21]
13:58:10.3 (28972204)|STATEMENT_EXECUTE|[22]
13:58:10.3 (28998341)|HEAP_ALLOCATE|[22]|Bytes:12
13:58:10.3 (29065089)|CONSTRUCTOR_ENTRY|[22]|01pxx00000002fl|<init>(String,String)|BotController.HandlerMapping
13:58:10.3 (29084320)|VARIABLE_SCOPE_BEGIN|[8]|this|BotController.HandlerMapping|true|false
13:58:10.3 (29152494)|VARIABLE_ASSIGNMENT|[8]|this|{}|0x5090188e
13:58:10.3 (29165894)|VARIABLE_SCOPE_BEGIN|[8]|handlerClassName|String|false|false
13:58:10.3 (29196923)|VARIABLE_ASSIGNMENT|[8]|handlerClassName|"HandlerFindPropertie (11 more) ..."
13:58:10.3 (29208087)|VARIABLE_SCOPE_BEGIN|[8]|patternStr|String|false|false
13:58:10.3 (29239784)|VARIABLE_ASSIGNMENT|[8]|patternStr|"(?i)([0-9]*) bedroom (16 more) ..."
13:58:10.3 (29253372)|STATEMENT_EXECUTE|[3]
13:58:10.3 (29260107)|STATEMENT_EXECUTE|[5]
13:58:10.3 (29266689)|STATEMENT_EXECUTE|[6]
13:58:10.3 (29307925)|STATEMENT_EXECUTE|[8]
13:58:10.3 (29315267)|STATEMENT_EXECUTE|[9]
13:58:10.3 (29360303)|VARIABLE_ASSIGNMENT|[9]|this.handlerClassName|"HandlerFindPropertie (11 more) ..."|0x5090188e
13:58:10.3 (29375012)|STATEMENT_EXECUTE|[10]
13:58:10.3 (29395366)|METHOD_ENTRY|[10]||System.Pattern.compile(String)
13:58:10.3 (29618207)|METHOD_EXIT|[10]||System.Pattern.compile(String)
13:58:10.3 (29654725)|VARIABLE_ASSIGNMENT|[10]|this.utterancePattern|0x5343f2a6|0x5090188e
13:58:10.3 (29685220)|CONSTRUCTOR_EXIT|[22]|01pxx00000002fl|<init>(String,String)|BotController.HandlerMapping
13:58:10.3 (29726435)|HEAP_ALLOCATE|[EXTERNAL]|Bytes:4
13:58:10.3 (29792408)|HEAP_ALLOCATE|[21]|Bytes:5
13:58:10.3 (29855523)|HEAP_ALLOCATE|[21]|Bytes:16
13:58:10.3 (29885105)|VARIABLE_SCOPE_BEGIN|[21]|command|Bot_Command__c|true|false
13:58:10.3 (29945939)|VARIABLE_ASSIGNMENT|[21]|command|{"Apex_Class__c":"HandlerHelp","Pattern__c":"(?i)help","Id":"a00xx0000004GwgAAE"}|0x7290ed2f
13:58:10.3 (29963331)|STATEMENT_EXECUTE|[21]
13:58:10.3 (29970127)|STATEMENT_EXECUTE|[22]
13:58:10.3 (29994761)|HEAP_ALLOCATE|[22]|Bytes:12
13:58:10.3 (30060163)|CONSTRUCTOR_ENTRY|[22]|01pxx00000002fl|<init>(String,String)|BotController.HandlerMapping
13:58:10.3 (30079306)|VARIABLE_SCOPE_BEGIN|[8]|this|BotController.HandlerMapping|true|false
13:58:10.3 (30146346)|VARIABLE_ASSIGNMENT|[8]|this|{}|0xa6f6e63
13:58:10.3 (30159803)|VARIABLE_SCOPE_BEGIN|[8]|handlerClassName|String|false|false
13:58:10.3 (30188850)|VARIABLE_ASSIGNMENT|[8]|handlerClassName|"HandlerHelp"
13:58:10.3 (30199989)|VARIABLE_SCOPE_BEGIN|[8]|patternStr|String|false|false
13:58:10.3 (30226669)|VARIABLE_ASSIGNMENT|[8]|patternStr|"(?i)help"
13:58:10.3 (30239972)|STATEMENT_EXECUTE|[3]
13:58:10.3 (30246623)|STATEMENT_EXECUTE|[5]
13:58:10.3 (30252987)|STATEMENT_EXECUTE|[6]
13:58:10.3 (30293279)|STATEMENT_EXECUTE|[8]
13:58:10.3 (30300682)|STATEMENT_EXECUTE|[9]
13:58:10.3 (30343854)|VARIABLE_ASSIGNMENT|[9]|this.handlerClassName|"HandlerHelp"|0xa6f6e63
13:58:10.3 (30358353)|STATEMENT_EXECUTE|[10]
13:58:10.3 (30378841)|METHOD_ENTRY|[10]||System.Pattern.compile(String)
13:58:10.3 (30601984)|METHOD_EXIT|[10]||System.Pattern.compile(String)
13:58:10.3 (30637886)|VARIABLE_ASSIGNMENT|[10]|this.utterancePattern|0x6604911b|0xa6f6e63
13:58:10.3 (30670933)|CONSTRUCTOR_EXIT|[22]|01pxx00000002fl|<init>(String,String)|BotController.HandlerMapping
13:58:10.3 (30712285)|HEAP_ALLOCATE|[EXTERNAL]|Bytes:4
13:58:10.3 (30778061)|HEAP_ALLOCATE|[21]|Bytes:5
13:58:10.3 (30848359)|HEAP_ALLOCATE|[21]|Bytes:16
13:58:10.3 (30878227)|VARIABLE_SCOPE_BEGIN|[21]|command|Bot_Command__c|true|false
13:58:10.3 (30940671)|VARIABLE_ASSIGNMENT|[21]|command|{"Apex_Class__c":"HandlerImageBasedSea (3 more) ...","Pattern__c":"(?i)search houses li (7 more) ...","Id":"a00xx0000004GwnAAE"}|0x44a39dd3
13:58:10.3 (30956509)|STATEMENT_EXECUTE|[21]
13:58:10.3 (30963223)|STATEMENT_EXECUTE|[22]
13:58:10.3 (30988061)|HEAP_ALLOCATE|[22]|Bytes:12
13:58:10.3 (31056386)|CONSTRUCTOR_ENTRY|[22]|01pxx00000002fl|<init>(String,String)|BotController.HandlerMapping
13:58:10.3 (31077763)|VARIABLE_SCOPE_BEGIN|[8]|this|BotController.HandlerMapping|true|false
13:58:10.3 (31145033)|VARIABLE_ASSIGNMENT|[8]|this|{}|0x3680a13d
13:58:10.3 (31158280)|VARIABLE_SCOPE_BEGIN|[8]|handlerClassName|String|false|false
13:58:10.3 (31188444)|VARIABLE_ASSIGNMENT|[8]|handlerClassName|"HandlerImageBasedSea (3 more) ..."
13:58:10.3 (31199589)|VARIABLE_SCOPE_BEGIN|[8]|patternStr|String|false|false
13:58:10.3 (31227307)|VARIABLE_ASSIGNMENT|[8]|patternStr|"(?i)search houses li (7 more) ..."
13:58:10.3 (31242786)|STATEMENT_EXECUTE|[3]
13:58:10.3 (31249690)|STATEMENT_EXECUTE|[5]
13:58:10.3 (31256125)|STATEMENT_EXECUTE|[6]
13:58:10.3 (31296400)|STATEMENT_EXECUTE|[8]
13:58:10.3 (31303786)|STATEMENT_EXECUTE|[9]
13:58:10.3 (31348310)|VARIABLE_ASSIGNMENT|[9]|this.handlerClassName|"HandlerImageBasedSea (3 more) ..."|0x3680a13d
13:58:10.3 (31362895)|STATEMENT_EXECUTE|[10]
13:58:10.3 (31383333)|METHOD_ENTRY|[10]||System.Pattern.compile(String)
13:58:10.3 (31616390)|METHOD_EXIT|[10]||System.Pattern.compile(String)
13:58:10.3 (31654487)|VARIABLE_ASSIGNMENT|[10]|this.utterancePattern|0x7a1aa389|0x3680a13d
13:58:10.3 (31685252)|CONSTRUCTOR_EXIT|[22]|01pxx00000002fl|<init>(String,String)|BotController.HandlerMapping
13:58:10.3 (31733655)|HEAP_ALLOCATE|[EXTERNAL]|Bytes:4
13:58:10.3 (31799840)|HEAP_ALLOCATE|[21]|Bytes:5
13:58:10.3 (31864630)|HEAP_ALLOCATE|[21]|Bytes:16
13:58:10.3 (31894414)|VARIABLE_SCOPE_BEGIN|[21]|command|Bot_Command__c|true|false
13:58:10.3 (31942726)|VARIABLE_ASSIGNMENT|[21]|command|{"Apex_Class__c":"HandlerMyOpenCases","Pattern__c":"(?i).*open cases.*","Id":"a00xx0000004GwhAAE"}|0x42b78196
13:58:10.3 (31957684)|STATEMENT_EXECUTE|[21]
13:58:10.3 (31964383)|STATEMENT_EXECUTE|[22]
13:58:10.3 (31991843)|HEAP_ALLOCATE|[22]|Bytes:12
13:58:10.3 (32056986)|CONSTRUCTOR_ENTRY|[22]|01pxx00000002fl|<init>(String,String)|BotController.HandlerMapping
13:58:10.3 (32076029)|VARIABLE_SCOPE_BEGIN|[8]|this|BotController.HandlerMapping|true|false
13:58:10.3 (32145410)|VARIABLE_ASSIGNMENT|[8]|this|{}|0xb77d6df
13:58:10.3 (32158944)|VARIABLE_SCOPE_BEGIN|[8]|handlerClassName|String|false|false
13:58:10.3 (32187927)|VARIABLE_ASSIGNMENT|[8]|handlerClassName|"HandlerMyOpenCases"
13:58:10.3 (32198932)|VARIABLE_SCOPE_BEGIN|[8]|patternStr|String|false|false
13:58:10.3 (32226192)|VARIABLE_ASSIGNMENT|[8]|patternStr|"(?i).*open cases.*"
13:58:10.3 (32239303)|STATEMENT_EXECUTE|[3]
13:58:10.3 (32245909)|STATEMENT_EXECUTE|[5]
13:58:10.3 (32252335)|STATEMENT_EXECUTE|[6]
13:58:10.3 (32292544)|STATEMENT_EXECUTE|[8]
13:58:10.3 (32300127)|STATEMENT_EXECUTE|[9]
13:58:10.3 (32343982)|VARIABLE_ASSIGNMENT|[9]|this.handlerClassName|"HandlerMyOpenCases"|0xb77d6df
13:58:10.3 (32358700)|STATEMENT_EXECUTE|[10]
13:58:10.3 (32378992)|METHOD_ENTRY|[10]||System.Pattern.compile(String)
13:58:10.3 (32598543)|METHOD_EXIT|[10]||System.Pattern.compile(String)
13:58:10.3 (32636841)|VARIABLE_ASSIGNMENT|[10]|this.utterancePattern|0x49b902e3|0xb77d6df
13:58:10.3 (32667542)|CONSTRUCTOR_EXIT|[22]|01pxx00000002fl|<init>(String,String)|BotController.HandlerMapping
13:58:10.3 (32708853)|HEAP_ALLOCATE|[EXTERNAL]|Bytes:4
13:58:10.3 (32777008)|HEAP_ALLOCATE|[21]|Bytes:5
13:58:10.3 (32839720)|HEAP_ALLOCATE|[21]|Bytes:16
13:58:10.3 (32869374)|VARIABLE_SCOPE_BEGIN|[21]|command|Bot_Command__c|true|false
13:58:10.3 (32919233)|VARIABLE_ASSIGNMENT|[21]|command|{"Apex_Class__c":"HandlerPipeline","Pattern__c":"(?i).*pipeline.*","Id":"a00xx0000004GwiAAE"}|0x528e4111
13:58:10.3 (32934452)|STATEMENT_EXECUTE|[21]
13:58:10.3 (32941168)|STATEMENT_EXECUTE|[22]
13:58:10.3 (32965790)|HEAP_ALLOCATE|[22]|Bytes:12
13:58:10.3 (33032168)|CONSTRUCTOR_ENTRY|[22]|01pxx00000002fl|<init>(String,String)|BotController.HandlerMapping
13:58:10.3 (33051275)|VARIABLE_SCOPE_BEGIN|[8]|this|BotController.HandlerMapping|true|false
13:58:10.3 (33119086)|VARIABLE_ASSIGNMENT|[8]|this|{}|0x7a83dba0
13:58:10.3 (33132307)|VARIABLE_SCOPE_BEGIN|[8]|handlerClassName|String|false|false
13:58:10.3 (33161950)|VARIABLE_ASSIGNMENT|[8]|handlerClassName|"HandlerPipeline"
13:58:10.3 (33173268)|VARIABLE_SCOPE_BEGIN|[8]|patternStr|String|false|false
13:58:10.3 (33200505)|VARIABLE_ASSIGNMENT|[8]|patternStr|"(?i).*pipeline.*"
13:58:10.3 (33213479)|STATEMENT_EXECUTE|[3]
13:58:10.3 (33223151)|STATEMENT_EXECUTE|[5]
13:58:10.3 (33229686)|STATEMENT_EXECUTE|[6]
13:58:10.3 (33270064)|STATEMENT_EXECUTE|[8]
13:58:10.3 (33277515)|STATEMENT_EXECUTE|[9]
13:58:10.3 (33320867)|VARIABLE_ASSIGNMENT|[9]|this.handlerClassName|"HandlerPipeline"|0x7a83dba0
13:58:10.3 (33335230)|STATEMENT_EXECUTE|[10]
13:58:10.3 (33355394)|METHOD_ENTRY|[10]||System.Pattern.compile(String)
13:58:10.3 (33574530)|METHOD_EXIT|[10]||System.Pattern.compile(String)
13:58:10.3 (33621387)|VARIABLE_ASSIGNMENT|[10]|this.utterancePattern|0x55aa3992|0x7a83dba0
13:58:10.3 (33653611)|CONSTRUCTOR_EXIT|[22]|01pxx00000002fl|<init>(String,String)|BotController.HandlerMapping
13:58:10.3 (33700893)|HEAP_ALLOCATE|[EXTERNAL]|Bytes:4
13:58:10.3 (33766612)|HEAP_ALLOCATE|[21]|Bytes:5
13:58:10.3 (33829362)|HEAP_ALLOCATE|[21]|Bytes:16
13:58:10.3 (33858680)|VARIABLE_SCOPE_BEGIN|[21]|command|Bot_Command__c|true|false
13:58:10.3 (33908402)|VARIABLE_ASSIGNMENT|[21]|command|{"Apex_Class__c":"HandlerQuarter","Pattern__c":"(?i).*quarter.*","Id":"a00xx0000004GwjAAE"}|0x270227fa
13:58:10.3 (33923531)|STATEMENT_EXECUTE|[21]
13:58:10.3 (33930199)|STATEMENT_EXECUTE|[22]
13:58:10.3 (33956267)|HEAP_ALLOCATE|[22]|Bytes:12
13:58:10.3 (34021334)|CONSTRUCTOR_ENTRY|[22]|01pxx00000002fl|<init>(String,String)|BotController.HandlerMapping
13:58:10.3 (34044120)|VARIABLE_SCOPE_BEGIN|[8]|this|BotController.HandlerMapping|true|false
13:58:10.3 (34113571)|VARIABLE_ASSIGNMENT|[8]|this|{}|0x605edcd6
13:58:10.3 (34127084)|VARIABLE_SCOPE_BEGIN|[8]|handlerClassName|String|false|false
13:58:10.3 (34156014)|VARIABLE_ASSIGNMENT|[8]|handlerClassName|"HandlerQuarter"
13:58:10.3 (34167050)|VARIABLE_SCOPE_BEGIN|[8]|patternStr|String|false|false
13:58:10.3 (34194002)|VARIABLE_ASSIGNMENT|[8]|patternStr|"(?i).*quarter.*"
13:58:10.3 (34207079)|STATEMENT_EXECUTE|[3]
13:58:10.3 (34213660)|STATEMENT_EXECUTE|[5]
13:58:10.3 (34220075)|STATEMENT_EXECUTE|[6]
13:58:10.3 (34263094)|STATEMENT_EXECUTE|[8]
13:58:10.3 (34270566)|STATEMENT_EXECUTE|[9]
13:58:10.3 (34316412)|VARIABLE_ASSIGNMENT|[9]|this.handlerClassName|"HandlerQuarter"|0x605edcd6
13:58:10.3 (34331055)|STATEMENT_EXECUTE|[10]
13:58:10.3 (34351322)|METHOD_ENTRY|[10]||System.Pattern.compile(String)
13:58:10.3 (34571064)|METHOD_EXIT|[10]||System.Pattern.compile(String)
13:58:10.3 (34607007)|VARIABLE_ASSIGNMENT|[10]|this.utterancePattern|0x61f16424|0x605edcd6
13:58:10.3 (34639302)|CONSTRUCTOR_EXIT|[22]|01pxx00000002fl|<init>(String,String)|BotController.HandlerMapping
13:58:10.3 (34682644)|HEAP_ALLOCATE|[EXTERNAL]|Bytes:4
13:58:10.3 (34747953)|HEAP_ALLOCATE|[21]|Bytes:5
13:58:10.3 (34810505)|HEAP_ALLOCATE|[21]|Bytes:16
13:58:10.3 (34839928)|VARIABLE_SCOPE_BEGIN|[21]|command|Bot_Command__c|true|false
13:58:10.3 (34890391)|VARIABLE_ASSIGNMENT|[21]|command|{"Apex_Class__c":"HandlerSOQL","Pattern__c":"(?i)select.*","Id":"a00xx0000004GwkAAE"}|0x7f176bcc
13:58:10.3 (34905694)|STATEMENT_EXECUTE|[21]
13:58:10.3 (34912327)|STATEMENT_EXECUTE|[22]
13:58:10.3 (34938421)|HEAP_ALLOCATE|[22]|Bytes:12
13:58:10.3 (35003261)|CONSTRUCTOR_ENTRY|[22]|01pxx00000002fl|<init>(String,String)|BotController.HandlerMapping
13:58:10.3 (35022175)|VARIABLE_SCOPE_BEGIN|[8]|this|BotController.HandlerMapping|true|false
13:58:10.3 (35088839)|VARIABLE_ASSIGNMENT|[8]|this|{}|0x5cbed61
13:58:10.3 (35102007)|VARIABLE_SCOPE_BEGIN|[8]|handlerClassName|String|false|false
13:58:10.3 (35131489)|VARIABLE_ASSIGNMENT|[8]|handlerClassName|"HandlerSOQL"
13:58:10.3 (35142571)|VARIABLE_SCOPE_BEGIN|[8]|patternStr|String|false|false
13:58:10.3 (35169508)|VARIABLE_ASSIGNMENT|[8]|patternStr|"(?i)select.*"
13:58:10.3 (35182828)|STATEMENT_EXECUTE|[3]
13:58:10.3 (35189442)|STATEMENT_EXECUTE|[5]
13:58:10.3 (35195991)|STATEMENT_EXECUTE|[6]
13:58:10.3 (35235962)|STATEMENT_EXECUTE|[8]
13:58:10.3 (35243484)|STATEMENT_EXECUTE|[9]
13:58:10.3 (35289646)|VARIABLE_ASSIGNMENT|[9]|this.handlerClassName|"HandlerSOQL"|0x5cbed61
13:58:10.3 (35304694)|STATEMENT_EXECUTE|[10]
13:58:10.3 (35325282)|METHOD_ENTRY|[10]||System.Pattern.compile(String)
13:58:10.3 (35544620)|METHOD_EXIT|[10]||System.Pattern.compile(String)
13:58:10.3 (35580633)|VARIABLE_ASSIGNMENT|[10]|this.utterancePattern|0x1a922e3|0x5cbed61
13:58:10.3 (35611088)|CONSTRUCTOR_EXIT|[22]|01pxx00000002fl|<init>(String,String)|BotController.HandlerMapping
13:58:10.3 (35651968)|HEAP_ALLOCATE|[EXTERNAL]|Bytes:4
13:58:10.3 (35717754)|HEAP_ALLOCATE|[21]|Bytes:5
13:58:10.3 (35779964)|HEAP_ALLOCATE|[21]|Bytes:16
13:58:10.3 (35809335)|VARIABLE_SCOPE_BEGIN|[21]|command|Bot_Command__c|true|false
13:58:10.3 (35861915)|VARIABLE_ASSIGNMENT|[21]|command|{"Apex_Class__c":"HandlerTopOpportunit (3 more) ...","Pattern__c":"(?i).*top (d+) oppor (8 more) ...","Id":"a00xx0000004GwlAAE"}|0x1d2ee89
13:58:10.3 (35877284)|STATEMENT_EXECUTE|[21]
13:58:10.3 (35883920)|STATEMENT_EXECUTE|[22]
13:58:10.3 (35908207)|HEAP_ALLOCATE|[22]|Bytes:12
13:58:10.3 (35972243)|CONSTRUCTOR_ENTRY|[22]|01pxx00000002fl|<init>(String,String)|BotController.HandlerMapping
13:58:10.3 (35990285)|VARIABLE_SCOPE_BEGIN|[8]|this|BotController.HandlerMapping|true|false
13:58:10.3 (36057103)|VARIABLE_ASSIGNMENT|[8]|this|{}|0x1787f66c
13:58:10.3 (36071055)|VARIABLE_SCOPE_BEGIN|[8]|handlerClassName|String|false|false
13:58:10.3 (36104353)|VARIABLE_ASSIGNMENT|[8]|handlerClassName|"HandlerTopOpportunit (3 more) ..."
13:58:10.3 (36115545)|VARIABLE_SCOPE_BEGIN|[8]|patternStr|String|false|false
13:58:10.3 (36144305)|VARIABLE_ASSIGNMENT|[8]|patternStr|"(?i).*top (d+) oppor (8 more) ..."
13:58:10.3 (36157471)|STATEMENT_EXECUTE|[3]
13:58:10.3 (36164245)|STATEMENT_EXECUTE|[5]
13:58:10.3 (36170689)|STATEMENT_EXECUTE|[6]
13:58:10.3 (36210685)|STATEMENT_EXECUTE|[8]
13:58:10.3 (36218029)|STATEMENT_EXECUTE|[9]
13:58:10.3 (36262450)|VARIABLE_ASSIGNMENT|[9]|this.handlerClassName|"HandlerTopOpportunit (3 more) ..."|0x1787f66c
13:58:10.3 (36277161)|STATEMENT_EXECUTE|[10]
13:58:10.3 (36297471)|METHOD_ENTRY|[10]||System.Pattern.compile(String)
13:58:10.3 (36516945)|METHOD_EXIT|[10]||System.Pattern.compile(String)
13:58:10.3 (36553244)|VARIABLE_ASSIGNMENT|[10]|this.utterancePattern|0x7dbd70fc|0x1787f66c
13:58:10.3 (36583945)|CONSTRUCTOR_EXIT|[22]|01pxx00000002fl|<init>(String,String)|BotController.HandlerMapping
13:58:10.3 (36627090)|HEAP_ALLOCATE|[EXTERNAL]|Bytes:4
13:58:10.3 (36692505)|HEAP_ALLOCATE|[21]|Bytes:5
13:58:10.3 (36754887)|HEAP_ALLOCATE|[21]|Bytes:16
13:58:10.3 (36784202)|VARIABLE_SCOPE_BEGIN|[21]|command|Bot_Command__c|true|false
13:58:10.3 (36834271)|VARIABLE_ASSIGNMENT|[21]|command|{"Apex_Class__c":"HandlerTravelApprova (1 more) ...","Pattern__c":"(?i)travel approval","Id":"a00xx0000004GwmAAE"}|0x2174a16b
13:58:10.3 (36851930)|STATEMENT_EXECUTE|[21]
13:58:10.3 (36858623)|STATEMENT_EXECUTE|[22]
13:58:10.3 (36882832)|HEAP_ALLOCATE|[22]|Bytes:12
13:58:10.3 (36947411)|CONSTRUCTOR_ENTRY|[22]|01pxx00000002fl|<init>(String,String)|BotController.HandlerMapping
13:58:10.3 (36965768)|VARIABLE_SCOPE_BEGIN|[8]|this|BotController.HandlerMapping|true|false
13:58:10.3 (37035131)|VARIABLE_ASSIGNMENT|[8]|this|{}|0x27473acf
13:58:10.3 (37049053)|VARIABLE_SCOPE_BEGIN|[8]|handlerClassName|String|false|false
13:58:10.3 (37079646)|VARIABLE_ASSIGNMENT|[8]|handlerClassName|"HandlerTravelApprova (1 more) ..."
13:58:10.3 (37090727)|VARIABLE_SCOPE_BEGIN|[8]|patternStr|String|false|false
13:58:10.3 (37117870)|VARIABLE_ASSIGNMENT|[8]|patternStr|"(?i)travel approval"
13:58:10.3 (37131028)|STATEMENT_EXECUTE|[3]
13:58:10.3 (37137630)|STATEMENT_EXECUTE|[5]
13:58:10.3 (37144012)|STATEMENT_EXECUTE|[6]
13:58:10.3 (37184541)|STATEMENT_EXECUTE|[8]
13:58:10.3 (37191947)|STATEMENT_EXECUTE|[9]
13:58:10.3 (37238333)|VARIABLE_ASSIGNMENT|[9]|this.handlerClassName|"HandlerTravelApprova (1 more) ..."|0x27473acf
13:58:10.3 (37255302)|STATEMENT_EXECUTE|[10]
13:58:10.3 (37275603)|METHOD_ENTRY|[10]||System.Pattern.compile(String)
13:58:10.3 (37494061)|METHOD_EXIT|[10]||System.Pattern.compile(String)
13:58:10.3 (37531603)|VARIABLE_ASSIGNMENT|[10]|this.utterancePattern|0x6fb1bafe|0x27473acf
13:58:10.3 (37562329)|CONSTRUCTOR_EXIT|[22]|01pxx00000002fl|<init>(String,String)|BotController.HandlerMapping
13:58:10.3 (37615799)|HEAP_ALLOCATE|[EXTERNAL]|Bytes:4
13:58:10.3 (37682144)|HEAP_ALLOCATE|[21]|Bytes:5
13:58:10.3 (37743273)|VARIABLE_ASSIGNMENT|[21]|command|null|
13:58:10.3 (37758894)|STATEMENT_EXECUTE|[24]
13:58:10.3 (37826704)|VARIABLE_ASSIGNMENT|[24]|BotController.handlerMappings|"List of size 13 too large to display"|0x514da3a4
13:58:10.3 (37858628)|SYSTEM_MODE_EXIT|false
13:58:10.3 (37891971)|METHOD_EXIT|[1]|BotController
13:58:10.3 (37917979)|HEAP_ALLOCATE|[EXTERNAL]|Bytes:11
13:58:10.3 (37954546)|VARIABLE_SCOPE_BEGIN|[28]|utterance|String|false|false
13:58:10.3 (37986526)|VARIABLE_ASSIGNMENT|[28]|utterance|" find house"
13:58:10.3 (38007784)|VARIABLE_SCOPE_BEGIN|[28]|session|Map<String,String>|true|false
13:58:10.3 (38035215)|VARIABLE_ASSIGNMENT|[28]|session|null|
13:58:10.3 (38051285)|VARIABLE_SCOPE_BEGIN|[28]|fileName|String|false|false
13:58:10.3 (38080282)|VARIABLE_ASSIGNMENT|[28]|fileName|null
13:58:10.3 (38096128)|VARIABLE_SCOPE_BEGIN|[28]|fileContent|String|false|false
13:58:10.3 (38121780)|VARIABLE_ASSIGNMENT|[28]|fileContent|null
13:58:10.3 (38172808)|SYSTEM_MODE_ENTER|false
13:58:10.3 (38207990)|HEAP_ALLOCATE|[30]|Bytes:5
13:58:10.3 (38226363)|STATEMENT_EXECUTE|[28]
13:58:10.3 (38233173)|STATEMENT_EXECUTE|[30]
13:58:10.3 (38239564)|STATEMENT_EXECUTE|[30]
13:58:10.3 (38248225)|STATEMENT_EXECUTE|[32]
13:58:10.3 (38533241)|HEAP_ALLOCATE|[41]|Bytes:5
13:58:10.3 (38591066)|HEAP_ALLOCATE|[41]|Bytes:12
13:58:10.3 (38622202)|VARIABLE_SCOPE_BEGIN|[41]|mapping|BotController.HandlerMapping|true|false
13:58:10.3 (38731702)|VARIABLE_ASSIGNMENT|[41]|mapping|{"handlerClassName":"HandlerFileUpload","utterancePattern":"0x6527a743"}|0x19dfdc03
13:58:10.3 (38748130)|STATEMENT_EXECUTE|[41]
13:58:10.3 (38755006)|STATEMENT_EXECUTE|[42]
13:58:10.3 (38797690)|METHOD_ENTRY|[42]||System.Pattern.pattern()
13:58:10.3 (38943271)|METHOD_EXIT|[42]||System.Pattern.pattern()
13:58:10.3 (38962407)|VARIABLE_SCOPE_BEGIN|[42]|patternToMatch|String|false|false
13:58:10.3 (39002887)|VARIABLE_ASSIGNMENT|[42]|patternToMatch|"(?i)upload"
13:58:10.3 (39019366)|STATEMENT_EXECUTE|[43]
13:58:10.3 (39035295)|HEAP_ALLOCATE|[43]|Bytes:18
13:58:10.3 (39111059)|HEAP_ALLOCATE|[43]|Bytes:28
13:58:10.3 (39200014)|USER_DEBUG|[43]|DEBUG|Pattern to match: (?i)upload
13:58:10.3 (39233247)|STATEMENT_EXECUTE|[44]
13:58:10.3 (39270179)|METHOD_ENTRY|[44]||System.Pattern.matcher(String)
13:58:10.3 (39951272)|METHOD_EXIT|[44]||System.Pattern.matcher(String)
13:58:10.3 (39969467)|VARIABLE_SCOPE_BEGIN|[44]|utteranceMatcher|System.Matcher|true|false
13:58:10.3 (40053794)|VARIABLE_ASSIGNMENT|[44]|utteranceMatcher|{"delegate":"0x2d8a5b93"}|0x2a74955
13:58:10.3 (40095454)|METHOD_ENTRY|[45]||System.Matcher.matches()
13:58:10.3 (40301803)|METHOD_EXIT|[45]||System.Matcher.matches()
13:58:10.3 (40319792)|STATEMENT_EXECUTE|[45]
13:58:10.3 (40366030)|HEAP_ALLOCATE|[41]|Bytes:5
13:58:10.3 (40417187)|HEAP_ALLOCATE|[41]|Bytes:12
13:58:10.3 (40444103)|VARIABLE_SCOPE_BEGIN|[41]|mapping|BotController.HandlerMapping|true|false
13:58:10.3 (40540694)|VARIABLE_ASSIGNMENT|[41]|mapping|{"handlerClassName":"HandlerFindAccount","utterancePattern":"0x58cbbd12"}|0x3f934127
13:58:10.3 (40556840)|STATEMENT_EXECUTE|[41]
13:58:10.3 (40563825)|STATEMENT_EXECUTE|[42]
13:58:10.3 (40587586)|METHOD_ENTRY|[42]||System.Pattern.pattern()
13:58:10.3 (40672692)|METHOD_EXIT|[42]||System.Pattern.pattern()
13:58:10.3 (40690907)|VARIABLE_SCOPE_BEGIN|[42]|patternToMatch|String|false|false
13:58:10.3 (40733221)|VARIABLE_ASSIGNMENT|[42]|patternToMatch|"(?i).*account ([A-Za (8 more) ..."
13:58:10.3 (40746143)|STATEMENT_EXECUTE|[43]
13:58:10.3 (40775090)|HEAP_ALLOCATE|[43]|Bytes:46
13:58:10.3 (40822763)|USER_DEBUG|[43]|DEBUG|Pattern to match: (?i).*account ([A-Za-z0-9]*)
13:58:10.3 (40851791)|STATEMENT_EXECUTE|[44]
13:58:10.3 (40876892)|METHOD_ENTRY|[44]||System.Pattern.matcher(String)
13:58:10.3 (41144467)|METHOD_EXIT|[44]||System.Pattern.matcher(String)
13:58:10.3 (41162453)|VARIABLE_SCOPE_BEGIN|[44]|utteranceMatcher|System.Matcher|true|false
13:58:10.3 (41242845)|VARIABLE_ASSIGNMENT|[44]|utteranceMatcher|{"delegate":"0x1d2ca845"}|0x25f9b754
13:58:10.3 (41269371)|METHOD_ENTRY|[45]||System.Matcher.matches()
13:58:10.3 (41367015)|METHOD_EXIT|[45]||System.Matcher.matches()
13:58:10.3 (41386014)|STATEMENT_EXECUTE|[45]
13:58:10.3 (41432507)|HEAP_ALLOCATE|[41]|Bytes:5
13:58:10.3 (41483902)|HEAP_ALLOCATE|[41]|Bytes:12
13:58:10.3 (41510855)|VARIABLE_SCOPE_BEGIN|[41]|mapping|BotController.HandlerMapping|true|false
13:58:10.3 (41598755)|VARIABLE_ASSIGNMENT|[41]|mapping|{"handlerClassName":"HandlerFindContact","utterancePattern":"0xd0600a"}|0x8e14f7
13:58:10.3 (41614369)|STATEMENT_EXECUTE|[41]
13:58:10.3 (41621095)|STATEMENT_EXECUTE|[42]
13:58:10.3 (41658180)|METHOD_ENTRY|[42]||System.Pattern.pattern()
13:58:10.3 (41745144)|METHOD_EXIT|[42]||System.Pattern.pattern()
13:58:10.3 (41763465)|VARIABLE_SCOPE_BEGIN|[42]|patternToMatch|String|false|false
13:58:10.3 (41802902)|VARIABLE_ASSIGNMENT|[42]|patternToMatch|"(?i).*contact ([A-Za (8 more) ..."
13:58:10.3 (41815903)|STATEMENT_EXECUTE|[43]
13:58:10.3 (41853584)|HEAP_ALLOCATE|[43]|Bytes:46
13:58:10.3 (41901161)|USER_DEBUG|[43]|DEBUG|Pattern to match: (?i).*contact ([A-Za-z0-9]*)
13:58:10.3 (41930385)|STATEMENT_EXECUTE|[44]
13:58:10.3 (41955135)|METHOD_ENTRY|[44]||System.Pattern.matcher(String)
13:58:10.3 (42215710)|METHOD_EXIT|[44]||System.Pattern.matcher(String)
13:58:10.3 (42233286)|VARIABLE_SCOPE_BEGIN|[44]|utteranceMatcher|System.Matcher|true|false
13:58:10.3 (42320914)|VARIABLE_ASSIGNMENT|[44]|utteranceMatcher|{"delegate":"0x4458d7bb"}|0x2c738b73
13:58:10.3 (42347000)|METHOD_ENTRY|[45]||System.Matcher.matches()
13:58:10.3 (42442550)|METHOD_EXIT|[45]||System.Matcher.matches()
13:58:10.3 (42459571)|STATEMENT_EXECUTE|[45]
13:58:10.3 (42504243)|HEAP_ALLOCATE|[41]|Bytes:5
13:58:10.3 (42554805)|HEAP_ALLOCATE|[41]|Bytes:12
13:58:10.3 (42581155)|VARIABLE_SCOPE_BEGIN|[41]|mapping|BotController.HandlerMapping|true|false
13:58:10.3 (42672353)|VARIABLE_ASSIGNMENT|[41]|mapping|{"handlerClassName":"HandlerFindPropertie (1 more) ...","utterancePattern":"0x20c999cc"}|0x25ef934e
13:58:10.3 (42688204)|STATEMENT_EXECUTE|[41]
13:58:10.3 (42698048)|STATEMENT_EXECUTE|[42]
13:58:10.3 (42721235)|METHOD_ENTRY|[42]||System.Pattern.pattern()
13:58:10.3 (42803908)|METHOD_EXIT|[42]||System.Pattern.pattern()
13:58:10.3 (42821712)|VARIABLE_SCOPE_BEGIN|[42]|patternToMatch|String|false|false
13:58:10.3 (42873379)|VARIABLE_ASSIGNMENT|[42]|patternToMatch|"(?i)find house"
13:58:10.3 (42886504)|STATEMENT_EXECUTE|[43]
13:58:10.3 (42915251)|HEAP_ALLOCATE|[43]|Bytes:32
13:58:10.3 (42962173)|USER_DEBUG|[43]|DEBUG|Pattern to match: (?i)find house
13:58:10.3 (42991463)|STATEMENT_EXECUTE|[44]
13:58:10.3 (43022280)|METHOD_ENTRY|[44]||System.Pattern.matcher(String)
13:58:10.3 (43280872)|METHOD_EXIT|[44]||System.Pattern.matcher(String)
13:58:10.3 (43297770)|VARIABLE_SCOPE_BEGIN|[44]|utteranceMatcher|System.Matcher|true|false
13:58:10.3 (43377419)|VARIABLE_ASSIGNMENT|[44]|utteranceMatcher|{"delegate":"0x457e1c2a"}|0x75e63fe5
13:58:10.3 (43403520)|METHOD_ENTRY|[45]||System.Matcher.matches()
13:58:10.3 (43493271)|METHOD_EXIT|[45]||System.Matcher.matches()
13:58:10.3 (43513104)|STATEMENT_EXECUTE|[45]
13:58:10.3 (43557715)|HEAP_ALLOCATE|[41]|Bytes:5
13:58:10.3 (43609094)|HEAP_ALLOCATE|[41]|Bytes:12
13:58:10.3 (43635667)|VARIABLE_SCOPE_BEGIN|[41]|mapping|BotController.HandlerMapping|true|false
13:58:10.3 (43724291)|VARIABLE_ASSIGNMENT|[41]|mapping|{"handlerClassName":"HandlerFindPropertie (11 more) ...","utterancePattern":"0x5343f2a6"}|0x5090188e
13:58:10.3 (43742520)|STATEMENT_EXECUTE|[41]
13:58:10.3 (43749284)|STATEMENT_EXECUTE|[42]
13:58:10.3 (43772084)|METHOD_ENTRY|[42]||System.Pattern.pattern()
13:58:10.3 (43855427)|METHOD_EXIT|[42]||System.Pattern.pattern()
13:58:10.3 (43873841)|VARIABLE_SCOPE_BEGIN|[42]|patternToMatch|String|false|false
13:58:10.3 (43913415)|VARIABLE_ASSIGNMENT|[42]|patternToMatch|"(?i)([0-9]*) bedroom (16 more) ..."
13:58:10.3 (43926309)|STATEMENT_EXECUTE|[43]
13:58:10.3 (43955069)|HEAP_ALLOCATE|[43]|Bytes:54
13:58:10.3 (44001704)|USER_DEBUG|[43]|DEBUG|Pattern to match: (?i)([0-9]*) bedrooms in ([A-Za-z]*)
13:58:10.3 (44031644)|STATEMENT_EXECUTE|[44]
13:58:10.3 (44056541)|METHOD_ENTRY|[44]||System.Pattern.matcher(String)
13:58:10.3 (44320233)|METHOD_EXIT|[44]||System.Pattern.matcher(String)
13:58:10.3 (44337348)|VARIABLE_SCOPE_BEGIN|[44]|utteranceMatcher|System.Matcher|true|false
13:58:10.3 (44432787)|VARIABLE_ASSIGNMENT|[44]|utteranceMatcher|{"delegate":"0x28a52cd1"}|0x6cf82737
13:58:10.3 (44468212)|METHOD_ENTRY|[45]||System.Matcher.matches()
13:58:10.3 (44560426)|METHOD_EXIT|[45]||System.Matcher.matches()
13:58:10.3 (44577255)|STATEMENT_EXECUTE|[45]
13:58:10.3 (44622005)|HEAP_ALLOCATE|[41]|Bytes:5
13:58:10.3 (44673112)|HEAP_ALLOCATE|[41]|Bytes:12
13:58:10.3 (44699827)|VARIABLE_SCOPE_BEGIN|[41]|mapping|BotController.HandlerMapping|true|false
13:58:10.3 (44786602)|VARIABLE_ASSIGNMENT|[41]|mapping|{"handlerClassName":"HandlerHelp","utterancePattern":"0x6604911b"}|0xa6f6e63
13:58:10.3 (44805208)|STATEMENT_EXECUTE|[41]
13:58:10.3 (44812100)|STATEMENT_EXECUTE|[42]
13:58:10.3 (44834980)|METHOD_ENTRY|[42]||System.Pattern.pattern()
13:58:10.3 (44917395)|METHOD_EXIT|[42]||System.Pattern.pattern()
13:58:10.3 (44935167)|VARIABLE_SCOPE_BEGIN|[42]|patternToMatch|String|false|false
13:58:10.3 (44973030)|VARIABLE_ASSIGNMENT|[42]|patternToMatch|"(?i)help"
13:58:10.3 (44985607)|STATEMENT_EXECUTE|[43]
13:58:10.3 (45014054)|HEAP_ALLOCATE|[43]|Bytes:26
13:58:10.3 (45061289)|USER_DEBUG|[43]|DEBUG|Pattern to match: (?i)help
13:58:10.3 (45090275)|STATEMENT_EXECUTE|[44]
13:58:10.3 (45115181)|METHOD_ENTRY|[44]||System.Pattern.matcher(String)
13:58:10.3 (45372994)|METHOD_EXIT|[44]||System.Pattern.matcher(String)
13:58:10.3 (45390173)|VARIABLE_SCOPE_BEGIN|[44]|utteranceMatcher|System.Matcher|true|false
13:58:10.3 (45470679)|VARIABLE_ASSIGNMENT|[44]|utteranceMatcher|{"delegate":"0x72b18b94"}|0x5fddcb6a
13:58:10.3 (45497163)|METHOD_ENTRY|[45]||System.Matcher.matches()
13:58:10.3 (45587548)|METHOD_EXIT|[45]||System.Matcher.matches()
13:58:10.3 (45606250)|STATEMENT_EXECUTE|[45]
13:58:10.3 (45650959)|HEAP_ALLOCATE|[41]|Bytes:5
13:58:10.3 (45701746)|HEAP_ALLOCATE|[41]|Bytes:12
13:58:10.3 (45728233)|VARIABLE_SCOPE_BEGIN|[41]|mapping|BotController.HandlerMapping|true|false
13:58:10.3 (45816345)|VARIABLE_ASSIGNMENT|[41]|mapping|{"handlerClassName":"HandlerImageBasedSea (3 more) ...","utterancePattern":"0x7a1aa389"}|0x3680a13d
13:58:10.3 (45834848)|STATEMENT_EXECUTE|[41]
13:58:10.3 (45841543)|STATEMENT_EXECUTE|[42]
13:58:10.3 (45864266)|METHOD_ENTRY|[42]||System.Pattern.pattern()
13:58:10.3 (45947004)|METHOD_EXIT|[42]||System.Pattern.pattern()
13:58:10.3 (45964708)|VARIABLE_SCOPE_BEGIN|[42]|patternToMatch|String|false|false
13:58:10.3 (46003435)|VARIABLE_ASSIGNMENT|[42]|patternToMatch|"(?i)search houses li (7 more) ..."
13:58:10.3 (46017020)|STATEMENT_EXECUTE|[43]
13:58:10.3 (46045528)|HEAP_ALLOCATE|[43]|Bytes:45
13:58:10.3 (46091904)|USER_DEBUG|[43]|DEBUG|Pattern to match: (?i)search houses like this
13:58:10.3 (46121031)|STATEMENT_EXECUTE|[44]
13:58:10.3 (46145523)|METHOD_ENTRY|[44]||System.Pattern.matcher(String)
13:58:10.3 (46402410)|METHOD_EXIT|[44]||System.Pattern.matcher(String)
13:58:10.3 (46419425)|VARIABLE_SCOPE_BEGIN|[44]|utteranceMatcher|System.Matcher|true|false
13:58:10.3 (46498371)|VARIABLE_ASSIGNMENT|[44]|utteranceMatcher|{"delegate":"0x2e479443"}|0x1f708c7a
13:58:10.3 (46524848)|METHOD_ENTRY|[45]||System.Matcher.matches()
13:58:10.3 (46615185)|METHOD_EXIT|[45]||System.Matcher.matches()
13:58:10.3 (46632082)|STATEMENT_EXECUTE|[45]
13:58:10.3 (46676753)|HEAP_ALLOCATE|[41]|Bytes:5
13:58:10.3 (46727169)|HEAP_ALLOCATE|[41]|Bytes:12
13:58:10.3 (46753785)|VARIABLE_SCOPE_BEGIN|[41]|mapping|BotController.HandlerMapping|true|false
13:58:10.3 (46843351)|VARIABLE_ASSIGNMENT|[41]|mapping|{"handlerClassName":"HandlerMyOpenCases","utterancePattern":"0x49b902e3"}|0xb77d6df
13:58:10.3 (46861514)|STATEMENT_EXECUTE|[41]
13:58:10.3 (46868339)|STATEMENT_EXECUTE|[42]
13:58:10.3 (46891025)|METHOD_ENTRY|[42]||System.Pattern.pattern()
13:58:10.3 (46973535)|METHOD_EXIT|[42]||System.Pattern.pattern()
13:58:10.3 (46991262)|VARIABLE_SCOPE_BEGIN|[42]|patternToMatch|String|false|false
13:58:10.3 (47029441)|VARIABLE_ASSIGNMENT|[42]|patternToMatch|"(?i).*open cases.*"
13:58:10.3 (47042713)|STATEMENT_EXECUTE|[43]
13:58:10.3 (47071025)|HEAP_ALLOCATE|[43]|Bytes:36
13:58:10.3 (47117652)|USER_DEBUG|[43]|DEBUG|Pattern to match: (?i).*open cases.*
13:58:10.3 (47146615)|STATEMENT_EXECUTE|[44]
13:58:10.3 (47171141)|METHOD_ENTRY|[44]||System.Pattern.matcher(String)
13:58:10.3 (47426086)|METHOD_EXIT|[44]||System.Pattern.matcher(String)
13:58:10.3 (47442972)|VARIABLE_SCOPE_BEGIN|[44]|utteranceMatcher|System.Matcher|true|false
13:58:10.3 (47523701)|VARIABLE_ASSIGNMENT|[44]|utteranceMatcher|{"delegate":"0x3a6f2d93"}|0x216775f8
13:58:10.3 (47549828)|METHOD_ENTRY|[45]||System.Matcher.matches()
13:58:10.3 (47658472)|METHOD_EXIT|[45]||System.Matcher.matches()
13:58:10.3 (47675689)|STATEMENT_EXECUTE|[45]
13:58:10.3 (47720639)|HEAP_ALLOCATE|[41]|Bytes:5
13:58:10.3 (47770966)|HEAP_ALLOCATE|[41]|Bytes:12
13:58:10.3 (47797360)|VARIABLE_SCOPE_BEGIN|[41]|mapping|BotController.HandlerMapping|true|false
13:58:10.3 (47885361)|VARIABLE_ASSIGNMENT|[41]|mapping|{"handlerClassName":"HandlerPipeline","utterancePattern":"0x55aa3992"}|0x7a83dba0
13:58:10.3 (47900991)|STATEMENT_EXECUTE|[41]
13:58:10.3 (47907774)|STATEMENT_EXECUTE|[42]
13:58:10.3 (47930720)|METHOD_ENTRY|[42]||System.Pattern.pattern()
13:58:10.3 (48013642)|METHOD_EXIT|[42]||System.Pattern.pattern()
13:58:10.3 (48031829)|VARIABLE_SCOPE_BEGIN|[42]|patternToMatch|String|false|false
13:58:10.3 (48069746)|VARIABLE_ASSIGNMENT|[42]|patternToMatch|"(?i).*pipeline.*"
13:58:10.3 (48082625)|STATEMENT_EXECUTE|[43]
13:58:10.3 (48111264)|HEAP_ALLOCATE|[43]|Bytes:34
13:58:10.3 (48157667)|USER_DEBUG|[43]|DEBUG|Pattern to match: (?i).*pipeline.*
13:58:10.3 (48186253)|STATEMENT_EXECUTE|[44]
13:58:10.3 (48210966)|METHOD_ENTRY|[44]||System.Pattern.matcher(String)
13:58:10.3 (48485331)|METHOD_EXIT|[44]||System.Pattern.matcher(String)
13:58:10.3 (48502250)|VARIABLE_SCOPE_BEGIN|[44]|utteranceMatcher|System.Matcher|true|false
13:58:10.3 (48583551)|VARIABLE_ASSIGNMENT|[44]|utteranceMatcher|{"delegate":"0x1b39c504"}|0x16bab2e
13:58:10.3 (48609722)|METHOD_ENTRY|[45]||System.Matcher.matches()
13:58:10.3 (48704931)|METHOD_EXIT|[45]||System.Matcher.matches()
13:58:10.3 (48724982)|STATEMENT_EXECUTE|[45]
13:58:10.3 (48769467)|HEAP_ALLOCATE|[41]|Bytes:5
13:58:10.3 (48819846)|HEAP_ALLOCATE|[41]|Bytes:12
13:58:10.3 (48846159)|VARIABLE_SCOPE_BEGIN|[41]|mapping|BotController.HandlerMapping|true|false
13:58:10.3 (48933744)|VARIABLE_ASSIGNMENT|[41]|mapping|{"handlerClassName":"HandlerQuarter","utterancePattern":"0x61f16424"}|0x605edcd6
13:58:10.3 (48949349)|STATEMENT_EXECUTE|[41]
13:58:10.3 (48956069)|STATEMENT_EXECUTE|[42]
13:58:10.3 (48978971)|METHOD_ENTRY|[42]||System.Pattern.pattern()
13:58:10.3 (49061354)|METHOD_EXIT|[42]||System.Pattern.pattern()
13:58:10.3 (49079595)|VARIABLE_SCOPE_BEGIN|[42]|patternToMatch|String|false|false
13:58:10.3 (49132149)|VARIABLE_ASSIGNMENT|[42]|patternToMatch|"(?i).*quarter.*"
13:58:10.3 (49145520)|STATEMENT_EXECUTE|[43]
13:58:10.3 (49174228)|HEAP_ALLOCATE|[43]|Bytes:33
13:58:10.3 (49232714)|USER_DEBUG|[43]|DEBUG|Pattern to match: (?i).*quarter.*
13:58:10.3 (49272873)|STATEMENT_EXECUTE|[44]
13:58:10.3 (49295592)|METHOD_ENTRY|[44]||System.Pattern.matcher(String)
13:58:10.3 (49529531)|METHOD_EXIT|[44]||System.Pattern.matcher(String)
13:58:10.3 (49549702)|VARIABLE_SCOPE_BEGIN|[44]|utteranceMatcher|System.Matcher|true|false
13:58:10.3 (49621915)|VARIABLE_ASSIGNMENT|[44]|utteranceMatcher|{"delegate":"0x7f15512c"}|0x237ba73b
13:58:10.3 (49645772)|METHOD_ENTRY|[45]||System.Matcher.matches()
13:58:10.3 (49731498)|METHOD_EXIT|[45]||System.Matcher.matches()
13:58:10.3 (49747043)|STATEMENT_EXECUTE|[45]
13:58:10.3 (49787488)|HEAP_ALLOCATE|[41]|Bytes:5
13:58:10.3 (49836232)|HEAP_ALLOCATE|[41]|Bytes:12
13:58:10.3 (49860591)|VARIABLE_SCOPE_BEGIN|[41]|mapping|BotController.HandlerMapping|true|false
13:58:10.3 (49941923)|VARIABLE_ASSIGNMENT|[41]|mapping|{"handlerClassName":"HandlerSOQL","utterancePattern":"0x1a922e3"}|0x5cbed61
13:58:10.3 (49956541)|STATEMENT_EXECUTE|[41]
13:58:10.3 (49962920)|STATEMENT_EXECUTE|[42]
13:58:10.3 (49983664)|METHOD_ENTRY|[42]||System.Pattern.pattern()
13:58:10.3 (50060675)|METHOD_EXIT|[42]||System.Pattern.pattern()
13:58:10.3 (50077520)|VARIABLE_SCOPE_BEGIN|[42]|patternToMatch|String|false|false
13:58:10.3 (50111768)|VARIABLE_ASSIGNMENT|[42]|patternToMatch|"(?i)select.*"
13:58:10.3 (50123359)|STATEMENT_EXECUTE|[43]
13:58:10.3 (50149247)|HEAP_ALLOCATE|[43]|Bytes:30
13:58:10.3 (50191725)|USER_DEBUG|[43]|DEBUG|Pattern to match: (?i)select.*
13:58:10.3 (50218253)|STATEMENT_EXECUTE|[44]
13:58:10.3 (50242458)|METHOD_ENTRY|[44]||System.Pattern.matcher(String)
13:58:10.3 (50523826)|METHOD_EXIT|[44]||System.Pattern.matcher(String)
13:58:10.3 (50540705)|VARIABLE_SCOPE_BEGIN|[44]|utteranceMatcher|System.Matcher|true|false
13:58:10.3 (50619155)|VARIABLE_ASSIGNMENT|[44]|utteranceMatcher|{"delegate":"0x38abf21a"}|0x4697c84b
13:58:10.3 (50657812)|METHOD_ENTRY|[45]||System.Matcher.matches()
13:58:10.3 (50754501)|METHOD_EXIT|[45]||System.Matcher.matches()
13:58:10.3 (50770236)|STATEMENT_EXECUTE|[45]
13:58:10.3 (50813136)|HEAP_ALLOCATE|[41]|Bytes:5
13:58:10.3 (50860451)|HEAP_ALLOCATE|[41]|Bytes:12
13:58:10.3 (50884766)|VARIABLE_SCOPE_BEGIN|[41]|mapping|BotController.HandlerMapping|true|false
13:58:10.3 (51030426)|VARIABLE_ASSIGNMENT|[41]|mapping|{"handlerClassName":"HandlerTopOpportunit (3 more) ...","utterancePattern":"0x7dbd70fc"}|0x1787f66c
13:58:10.3 (51047769)|STATEMENT_EXECUTE|[41]
13:58:10.3 (51054603)|STATEMENT_EXECUTE|[42]
13:58:10.3 (51078048)|METHOD_ENTRY|[42]||System.Pattern.pattern()
13:58:10.3 (51161243)|METHOD_EXIT|[42]||System.Pattern.pattern()
13:58:10.3 (51179359)|VARIABLE_SCOPE_BEGIN|[42]|patternToMatch|String|false|false
13:58:10.3 (51219321)|VARIABLE_ASSIGNMENT|[42]|patternToMatch|"(?i).*top (d+) oppor (8 more) ..."
13:58:10.3 (51232062)|STATEMENT_EXECUTE|[43]
13:58:10.3 (51260626)|HEAP_ALLOCATE|[43]|Bytes:46
13:58:10.3 (51319606)|USER_DEBUG|[43]|DEBUG|Pattern to match: (?i).*top (d+) opportunities
13:58:10.3 (51347635)|STATEMENT_EXECUTE|[44]
13:58:10.3 (51371644)|METHOD_ENTRY|[44]||System.Pattern.matcher(String)
13:58:10.3 (51630993)|METHOD_EXIT|[44]||System.Pattern.matcher(String)
13:58:10.3 (51646585)|VARIABLE_SCOPE_BEGIN|[44]|utteranceMatcher|System.Matcher|true|false
13:58:10.3 (51718687)|VARIABLE_ASSIGNMENT|[44]|utteranceMatcher|{"delegate":"0x142e3ab1"}|0x6c036def
13:58:10.3 (51742623)|METHOD_ENTRY|[45]||System.Matcher.matches()
13:58:10.3 (51829592)|METHOD_EXIT|[45]||System.Matcher.matches()
13:58:10.3 (51845061)|STATEMENT_EXECUTE|[45]
13:58:10.3 (51885790)|HEAP_ALLOCATE|[41]|Bytes:5
13:58:10.3 (51933780)|HEAP_ALLOCATE|[41]|Bytes:12
13:58:10.3 (51960679)|VARIABLE_SCOPE_BEGIN|[41]|mapping|BotController.HandlerMapping|true|false
13:58:10.3 (52041465)|VARIABLE_ASSIGNMENT|[41]|mapping|{"handlerClassName":"HandlerTravelApprova (1 more) ...","utterancePattern":"0x6fb1bafe"}|0x27473acf
13:58:10.3 (52056709)|STATEMENT_EXECUTE|[41]
13:58:10.3 (52062819)|STATEMENT_EXECUTE|[42]
13:58:10.3 (52083687)|METHOD_ENTRY|[42]||System.Pattern.pattern()
13:58:10.3 (52159469)|METHOD_EXIT|[42]||System.Pattern.pattern()
13:58:10.3 (52175654)|VARIABLE_SCOPE_BEGIN|[42]|patternToMatch|String|false|false
13:58:10.3 (52210021)|VARIABLE_ASSIGNMENT|[42]|patternToMatch|"(?i)travel approval"
13:58:10.3 (52221699)|STATEMENT_EXECUTE|[43]
13:58:10.3 (52247725)|HEAP_ALLOCATE|[43]|Bytes:37
13:58:10.3 (52290009)|USER_DEBUG|[43]|DEBUG|Pattern to match: (?i)travel approval
13:58:10.3 (52316254)|STATEMENT_EXECUTE|[44]
13:58:10.3 (52338739)|METHOD_ENTRY|[44]||System.Pattern.matcher(String)
13:58:10.3 (52593785)|METHOD_EXIT|[44]||System.Pattern.matcher(String)
13:58:10.3 (52609495)|VARIABLE_SCOPE_BEGIN|[44]|utteranceMatcher|System.Matcher|true|false
13:58:10.3 (52702813)|VARIABLE_ASSIGNMENT|[44]|utteranceMatcher|{"delegate":"0x31ccd011"}|0x46d7bfd2
13:58:10.3 (52729081)|METHOD_ENTRY|[45]||System.Matcher.matches()
13:58:10.3 (52819055)|METHOD_EXIT|[45]||System.Matcher.matches()
13:58:10.3 (52835986)|STATEMENT_EXECUTE|[45]
13:58:10.3 (52880903)|HEAP_ALLOCATE|[41]|Bytes:5
13:58:10.3 (52942432)|VARIABLE_ASSIGNMENT|[41]|mapping|null|
13:58:10.3 (52957808)|STATEMENT_EXECUTE|[56]
13:58:10.3 (52982113)|HEAP_ALLOCATE|[56]|Bytes:112
13:58:10.3 (53022387)|HEAP_ALLOCATE|[56]|Bytes:16
13:58:10.3 (53084942)|METHOD_ENTRY|[1]|01pxx00000002fs|BotResponse.BotResponse()
13:58:10.3 (53103152)|STATEMENT_EXECUTE|[1]
13:58:10.3 (53115989)|STATEMENT_EXECUTE|[1]
13:58:10.3 (53134256)|METHOD_EXIT|[1]|BotResponse
13:58:10.3 (93011833)|HEAP_ALLOCATE|[56]|Bytes:12
13:58:10.3 (93317669)|HEAP_ALLOCATE|[56]|Bytes:204
13:58:10.3 (93352247)|HEAP_ALLOCATE|[56]|Bytes:29
13:58:10.3 (93436035)|METHOD_ENTRY|[1]|01pxx00000002fp|BotMessage.BotMessage()
13:58:10.3 (93459799)|STATEMENT_EXECUTE|[1]
13:58:10.3 (93476926)|STATEMENT_EXECUTE|[1]
13:58:10.3 (93500519)|METHOD_EXIT|[1]|BotMessage
13:58:10.3 (114529052)|HEAP_ALLOCATE|[56]|Bytes:28
13:58:10.3 (114580119)|HEAP_ALLOCATE|[56]|Bytes:3
13:58:10.3 (114607932)|HEAP_ALLOCATE|[56]|Bytes:31
13:58:10.3 (114670860)|CONSTRUCTOR_ENTRY|[56]|01pxx00000002fp|<init>(String,String)|BotMessage
13:58:10.3 (114805466)|VARIABLE_SCOPE_BEGIN|[13]|this|BotMessage|true|false
13:58:10.3 (115025751)|VARIABLE_ASSIGNMENT|[13]|this|{}|0x1fbd4346
13:58:10.3 (115046501)|VARIABLE_SCOPE_BEGIN|[13]|author|String|false|false
13:58:10.3 (115080723)|VARIABLE_ASSIGNMENT|[13]|author|"Bot"
13:58:10.3 (115095846)|VARIABLE_SCOPE_BEGIN|[13]|messageText|String|false|false
13:58:10.3 (115132401)|VARIABLE_ASSIGNMENT|[13]|messageText|"I don't know how to  (11 more) ..."
13:58:10.3 (115150825)|STATEMENT_EXECUTE|[1]
13:58:10.3 (115158013)|STATEMENT_EXECUTE|[3]
13:58:10.3 (115164543)|STATEMENT_EXECUTE|[4]
13:58:10.3 (115170894)|STATEMENT_EXECUTE|[5]
13:58:10.3 (115177150)|STATEMENT_EXECUTE|[6]
13:58:10.3 (115183504)|STATEMENT_EXECUTE|[7]
13:58:10.3 (115189805)|STATEMENT_EXECUTE|[8]
13:58:10.3 (115250068)|STATEMENT_EXECUTE|[13]
13:58:10.3 (115257922)|STATEMENT_EXECUTE|[14]
13:58:10.3 (115549887)|VARIABLE_ASSIGNMENT|[EXTERNAL]|this|{}|0x1fbd4346
13:58:10.3 (115590935)|VARIABLE_ASSIGNMENT|[EXTERNAL]|value|"Bot"
13:58:10.3 (115652200)|VARIABLE_ASSIGNMENT|[3]|this.author|"Bot"|0x1fbd4346
13:58:10.3 (115684014)|STATEMENT_EXECUTE|[15]
13:58:10.3 (115905519)|VARIABLE_ASSIGNMENT|[EXTERNAL]|this|{"author":"Bot"}|0x1fbd4346
13:58:10.3 (115947887)|VARIABLE_ASSIGNMENT|[EXTERNAL]|value|"I don't know how to  (11 more) ..."
13:58:10.3 (116001721)|VARIABLE_ASSIGNMENT|[4]|this.messageText|"I don't know how to  (11 more) ..."|0x1fbd4346
13:58:10.3 (116050322)|CONSTRUCTOR_EXIT|[56]|01pxx00000002fp|<init>(String,String)|BotMessage
13:58:10.3 (116090722)|CONSTRUCTOR_ENTRY|[56]|01pxx00000002fs|<init>(BotMessage)|BotResponse
13:58:10.3 (116122041)|VARIABLE_SCOPE_BEGIN|[21]|this|BotResponse|true|false
13:58:10.3 (116229941)|VARIABLE_ASSIGNMENT|[21]|this|{}|0x3fb50bcb
13:58:10.3 (116246730)|VARIABLE_SCOPE_BEGIN|[21]|message|BotMessage|true|false
13:58:10.3 (116369893)|VARIABLE_ASSIGNMENT|[21]|message|{"author":"Bot","messageText":"I don't know how to  (11 more) ..."}|0x1fbd4346
13:58:10.3 (116387888)|STATEMENT_EXECUTE|[1]
13:58:10.3 (116394722)|STATEMENT_EXECUTE|[3]
13:58:10.3 (116401100)|STATEMENT_EXECUTE|[4]
13:58:10.3 (116448426)|STATEMENT_EXECUTE|[21]
13:58:10.3 (116455964)|STATEMENT_EXECUTE|[22]
13:58:10.3 (116502339)|HEAP_ALLOCATE|[22]|Bytes:4
13:58:10.3 (116810043)|VARIABLE_ASSIGNMENT|[EXTERNAL]|this|{}|0x3fb50bcb
13:58:10.3 (116899444)|HEAP_ALLOCATE|[EXTERNAL]|Bytes:8
13:58:10.3 (117029511)|VARIABLE_ASSIGNMENT|[EXTERNAL]|value|[{"author":"Bot","messageText":"I don't know how to  (11 more) ..."}]|0x7820ee57
13:58:10.3 (117175682)|VARIABLE_ASSIGNMENT|[3]|this.messages|[{"author":"Bot","messageText":"I don't know how to  (11 more) ..."}]|0x3fb50bcb
13:58:10.3 (117222274)|CONSTRUCTOR_EXIT|[56]|01pxx00000002fs|<init>(BotMessage)|BotResponse
13:58:10.3 (117259119)|SYSTEM_MODE_EXIT|false
13:58:10.117 (117346680)|CUMULATIVE_LIMIT_USAGE
13:58:10.117 (117346680)|LIMIT_USAGE_FOR_NS|(default)|
  Number of SOQL queries: 1 out of 100
  Number of query rows: 13 out of 50000
  Number of SOSL queries: 0 out of 20
  Number of DML statements: 0 out of 150
  Number of DML rows: 0 out of 10000
  Maximum CPU time: 0 out of 10000
  Maximum heap size: 0 out of 6000000
  Number of callouts: 0 out of 100
  Number of Email Invocations: 0 out of 10
  Number of future calls: 0 out of 50
  Number of queueable jobs added to the queue: 0 out of 50
  Number of Mobile Apex push calls: 0 out of 10

13:58:10.117 (117346680)|CUMULATIVE_LIMIT_USAGE_END

13:58:10.3 (117417049)|CODE_UNIT_FINISHED|BotController.submit(String, Map<String,String>, String, String)
13:58:10.3 (123605173)|CODE_UNIT_FINISHED|Aura
13:58:10.3 (125153938)|EXECUTION_FINISHED
